Using pre-set license
Built from '2022.3/china_unity/release' branch; Version is '2022.3.15f1c1 (18739dc7bca8) revision 1602461'; Using compiler version '192829333'; Build Type 'Release'
OS: 'Windows 11  (10.0.22631) 64bit CoreCountrySpecific' Language: 'zh' Physical Memory: 14029 MB
BatchMode: 1, IsHumanControllingUs: 0, StartBugReporterOnCrash: 0, Is64bit: 1, IsPro: 1

COMMAND LINE ARGUMENTS:
D:\apps\unity\2022.3.15f1c1\Editor\Unity.exe
-adb2
-batchMode
-noUpm
-name
AssetImportWorker4
-projectPath
D:/unity/xiangmu/ProjectRTS/ProjectRTS
-logFile
Logs/AssetImportWorker4.log
-srvPort
50117
Successfully changed project path to: D:/unity/xiangmu/ProjectRTS/ProjectRTS
D:/unity/xiangmu/ProjectRTS/ProjectRTS
[UnityMemory] Configuration Parameters - Can be set up in boot.config
    "memorysetup-bucket-allocator-granularity=16"
    "memorysetup-bucket-allocator-bucket-count=8"
    "memorysetup-bucket-allocator-block-size=33554432"
    "memorysetup-bucket-allocator-block-count=8"
    "memorysetup-main-allocator-block-size=16777216"
    "memorysetup-thread-allocator-block-size=16777216"
    "memorysetup-gfx-main-allocator-block-size=16777216"
    "memorysetup-gfx-thread-allocator-block-size=16777216"
    "memorysetup-cache-allocator-block-size=4194304"
    "memorysetup-typetree-allocator-block-size=2097152"
    "memorysetup-profiler-bucket-allocator-granularity=16"
    "memorysetup-profiler-bucket-allocator-bucket-count=8"
    "memorysetup-profiler-bucket-allocator-block-size=33554432"
    "memorysetup-profiler-bucket-allocator-block-count=8"
    "memorysetup-profiler-allocator-block-size=16777216"
    "memorysetup-profiler-editor-allocator-block-size=1048576"
    "memorysetup-temp-allocator-size-main=16777216"
    "memorysetup-job-temp-allocator-block-size=2097152"
    "memorysetup-job-temp-allocator-block-size-background=1048576"
    "memorysetup-job-temp-allocator-reduction-small-platforms=262144"
    "memorysetup-allocator-temp-initial-block-size-main=262144"
    "memorysetup-allocator-temp-initial-block-size-worker=262144"
    "memorysetup-temp-allocator-size-background-worker=32768"
    "memorysetup-temp-allocator-size-job-worker=262144"
    "memorysetup-temp-allocator-size-preload-manager=33554432"
    "memorysetup-temp-allocator-size-nav-mesh-worker=65536"
    "memorysetup-temp-allocator-size-audio-worker=65536"
    "memorysetup-temp-allocator-size-cloud-worker=32768"
    "memorysetup-temp-allocator-size-gi-baking-worker=262144"
    "memorysetup-temp-allocator-size-gfx=262144"
Player connection [37664] Host "[IP] 192.168.42.1 [Port] 0 [Flags] 2 [Guid] 740296326 [EditorId] 740296326 [Version] 1048832 [Id] WindowsEditor(7,LAPTOP-CMHVBGDE) [Debug] 1 [PackageName] WindowsEditor [ProjectName] Editor" joined multi-casting on [225.0.0.222:54997]...

Player connection [37664] Host "[IP] 192.168.42.1 [Port] 0 [Flags] 2 [Guid] 740296326 [EditorId] 740296326 [Version] 1048832 [Id] WindowsEditor(7,LAPTOP-CMHVBGDE) [Debug] 1 [PackageName] WindowsEditor [ProjectName] Editor" joined alternative multi-casting on [225.0.0.222:34997]...

[Physics::Module] Initialized MultithreadedJobDispatcher with 19 workers.
Refreshing native plugins compatible for Editor in 32.34 ms, found 4 plugins.
Preloading 0 native plugins for Editor in 0.00 ms.
Initialize engine version: 2022.3.15f1c1 (18739dc7bca8)
[Subsystems] Discovering subsystems at path D:/apps/unity/2022.3.15f1c1/Editor/Data/Resources/UnitySubsystems
[Subsystems] Discovering subsystems at path D:/unity/xiangmu/ProjectRTS/ProjectRTS/Assets
GfxDevice: creating device client; threaded=0; jobified=0
Direct3D:
    Version:  Direct3D 11.0 [level 11.1]
    Renderer: NVIDIA GeForce RTX 4060 Laptop GPU (ID=0x28e0)
    Vendor:   NVIDIA
    VRAM:     7957 MB
    Driver:   32.0.15.7649
Initialize mono
Mono path[0] = 'D:/apps/unity/2022.3.15f1c1/Editor/Data/Managed'
Mono path[1] = 'D:/apps/unity/2022.3.15f1c1/Editor/Data/MonoBleedingEdge/lib/mono/unityjit-win32'
Mono config path = 'D:/apps/unity/2022.3.15f1c1/Editor/Data/MonoBleedingEdge/etc'
Using monoOptions --debugger-agent=transport=dt_socket,embedding=1,server=y,suspend=n,address=127.0.0.1:56676
Begin MonoManager ReloadAssembly
Registering precompiled unity dll's ...
Register platform support module: D:/apps/unity/2022.3.15f1c1/Editor/Data/PlaybackEngines/WebGLSupport/UnityEditor.WebGL.Extensions.dll
Register platform support module: D:/apps/unity/2022.3.15f1c1/Editor/Data/PlaybackEngines/WindowsStandaloneSupport/UnityEditor.WindowsStandalone.Extensions.dll
Registered in 0.009971 seconds.
- Loaded All Assemblies, in  0.497 seconds
Native extension for WindowsStandalone target not found
Native extension for WebGL target not found
Mono: successfully reloaded assembly
- Finished resetting the current domain, in  0.315 seconds
Domain Reload Profiling: 805ms
	BeginReloadAssembly (201ms)
		ExecutionOrderSort (0ms)
		DisableScriptedObjects (0ms)
		BackupInstance (0ms)
		ReleaseScriptingObjects (0ms)
		CreateAndSetChildDomain (1ms)
	RebuildCommonClasses (40ms)
	RebuildNativeTypeToScriptingClass (12ms)
	initialDomainReloadingComplete (71ms)
	LoadAllAssembliesAndSetupDomain (165ms)
		LoadAssemblies (192ms)
		RebuildTransferFunctionScriptingTraits (0ms)
		AnalyzeDomain (162ms)
			TypeCache.Refresh (159ms)
				TypeCache.ScanAssembly (145ms)
			ScanForSourceGeneratedMonoScriptInfo (1ms)
			ResolveRequiredComponents (1ms)
	FinalizeReload (315ms)
		ReleaseScriptCaches (0ms)
		RebuildScriptCaches (0ms)
		SetupLoadedEditorAssemblies (244ms)
			LogAssemblyErrors (0ms)
			InitializePlatformSupportModulesInManaged (12ms)
			SetLoadedEditorAssemblies (6ms)
			RefreshPlugins (0ms)
			BeforeProcessingInitializeOnLoad (3ms)
			ProcessInitializeOnLoadAttributes (172ms)
			ProcessInitializeOnLoadMethodAttributes (52ms)
			AfterProcessingInitializeOnLoad (0ms)
			EditorAssembliesLoaded (0ms)
		ExecutionOrderSort2 (0ms)
		AwakeInstancesAfterBackupRestoration (0ms)
========================================================================
Worker process is ready to serve import requests
Begin MonoManager ReloadAssembly
Symbol file LoadedFromMemory is not a mono symbol file
- Loaded All Assemblies, in  0.979 seconds
Refreshing native plugins compatible for Editor in 13.97 ms, found 4 plugins.
Native extension for WindowsStandalone target not found
Native extension for WebGL target not found
Package Manager log level set to [2]
[Package Manager] Server::EnsureServerProcessIsRunning -- launch failed, reason: Unity was launched with the -noUpm command-line argument
[Package Manager] UpmClient::Send -- Unable to send message (not connected to UPM process).
[Package Manager] Cannot connect to Unity Package Manager local server
Mono: successfully reloaded assembly
- Finished resetting the current domain, in  0.990 seconds
Domain Reload Profiling: 1954ms
	BeginReloadAssembly (209ms)
		ExecutionOrderSort (0ms)
		DisableScriptedObjects (6ms)
		BackupInstance (0ms)
		ReleaseScriptingObjects (0ms)
		CreateAndSetChildDomain (23ms)
	RebuildCommonClasses (31ms)
	RebuildNativeTypeToScriptingClass (10ms)
	initialDomainReloadingComplete (63ms)
	LoadAllAssembliesAndSetupDomain (651ms)
		LoadAssemblies (539ms)
		RebuildTransferFunctionScriptingTraits (0ms)
		AnalyzeDomain (239ms)
			TypeCache.Refresh (201ms)
				TypeCache.ScanAssembly (181ms)
			ScanForSourceGeneratedMonoScriptInfo (27ms)
			ResolveRequiredComponents (10ms)
	FinalizeReload (990ms)
		ReleaseScriptCaches (0ms)
		RebuildScriptCaches (0ms)
		SetupLoadedEditorAssemblies (788ms)
			LogAssemblyErrors (0ms)
			InitializePlatformSupportModulesInManaged (7ms)
			SetLoadedEditorAssemblies (8ms)
			RefreshPlugins (0ms)
			BeforeProcessingInitializeOnLoad (177ms)
			ProcessInitializeOnLoadAttributes (482ms)
			ProcessInitializeOnLoadMethodAttributes (97ms)
			AfterProcessingInitializeOnLoad (16ms)
			EditorAssembliesLoaded (0ms)
		ExecutionOrderSort2 (0ms)
		AwakeInstancesAfterBackupRestoration (9ms)
Launched and connected shader compiler UnityShaderCompiler.exe after 0.10 seconds
Refreshing native plugins compatible for Editor in 20.03 ms, found 4 plugins.
Preloading 0 native plugins for Editor in 0.00 ms.
Unloading 5781 Unused Serialized files (Serialized files now loaded: 0)
Unloading 102 unused Assets / (0.9 MB). Loaded Objects now: 6229.
Memory consumption went from 231.9 MB to 231.0 MB.
Total: 5.182700 ms (FindLiveObjects: 0.458700 ms CreateObjectMapping: 0.396600 ms MarkObjects: 3.773400 ms  DeleteObjects: 0.552000 ms)

AssetImportParameters requested are different than current active one (requested -> active):
  custom:container-demuxer-ogg: 62fdf1f143b41e24485cea50d1cbac27 -> 
  custom:video-codec-MediaFoundation-h265: 746d11721c4dcdbdad8f713fa42b33f4 -> 
  custom:video-decoder-ogg-theora: a1e56fd34408186e4bbccfd4996cb3dc -> 
  custom:framework-win-MediaFoundation: 216162199b28c13a410421893ffa2e32 -> 
  custom:CustomObjectIndexerAttribute: 4d1d7186bcbbfe361de5f0ad951e585c -> 
  custom:container-demuxer-webm: 4f35f7cbe854078d1ac9338744f61a02 -> 
  custom:container-muxer-webm: aa71ff27fc2769a1b78a27578f13a17b -> 
  custom:video-decoder-webm-vp8: 9c59270c3fd7afecdb556c50c9e8de78 -> 
  custom:SearchIndexIgnoredProperties: e643bd26f0fe6173181afceb89e7c659 -> 
  custom:AudioImporter_EditorPlatform: d09bf68614088b80899f8185d706f6e7 -> 
  custom:video-encoder-webm-vp8: eb34c28f22e8b96e1ab97ce403110664 -> 
  custom:audio-decoder-ogg-vorbis: bf7c407c2cedff20999df2af8eb42d56 -> 
  custom:audio-encoder-webm-vorbis: bf7c407c2cedff20999df2af8eb42d56 -> 
========================================================================
Received Import Request.
  Time since last request: 56215.853375 seconds.
  path: Assets/Tiny Swords/Terrain/Tileset/Tilemap Settings/Sliced Tiles/Tilemap_color3_17.asset
  artifactKey: Guid(c693d4a46ee8f407484fbef4e3958e58) Importer(815301076,1909f56bfc062723c751e8b465ee728b)
Start importing Assets/Tiny Swords/Terrain/Tileset/Tilemap Settings/Sliced Tiles/Tilemap_color3_17.asset using Guid(c693d4a46ee8f407484fbef4e3958e58) Importer(815301076,1909f56bfc062723c751e8b465ee728b)  -> (artifact id: '919ae0759a71993b906322db8d70e91c') in 0.144273 seconds
Number of updated asset objects reloaded before import = 0
Number of asset objects unloaded after import = 3
========================================================================
Received Import Request.
  Time since last request: 0.000041 seconds.
  path: Assets/Tiny Swords/Terrain/Tileset/Tilemap Settings/Sliced Tiles/Tilemap_color4_23.asset
  artifactKey: Guid(f20c960be71c44afa9778f86e8652972) Importer(815301076,1909f56bfc062723c751e8b465ee728b)
Start importing Assets/Tiny Swords/Terrain/Tileset/Tilemap Settings/Sliced Tiles/Tilemap_color4_23.asset using Guid(f20c960be71c44afa9778f86e8652972) Importer(815301076,1909f56bfc062723c751e8b465ee728b)  -> (artifact id: 'bf8965eaa392d070e6e6e913aabc85a3') in 0.024085 seconds
Number of updated asset objects reloaded before import = 0
Number of asset objects unloaded after import = 3
========================================================================
Received Import Request.
  Time since last request: 0.000023 seconds.
  path: Assets/Tiny Swords/Terrain/Tileset/Tilemap Settings/Sliced Tiles/Tilemap_color5_19.asset
  artifactKey: Guid(8ecb9bb07784b4957b580c22d68404c3) Importer(815301076,1909f56bfc062723c751e8b465ee728b)
Start importing Assets/Tiny Swords/Terrain/Tileset/Tilemap Settings/Sliced Tiles/Tilemap_color5_19.asset using Guid(8ecb9bb07784b4957b580c22d68404c3) Importer(815301076,1909f56bfc062723c751e8b465ee728b)  -> (artifact id: '79d954a5096f0c774c25411e17d1492b') in 0.063312 seconds
Number of updated asset objects reloaded before import = 0
Number of asset objects unloaded after import = 3
========================================================================
Received Import Request.
  Time since last request: 0.000026 seconds.
  path: Assets/Tiny Swords/Terrain/Tileset/Tilemap Settings/Sliced Tiles/Tilemap_color1_38.asset
  artifactKey: Guid(908b516dcb35840dcad08ee5f43f1f23) Importer(815301076,1909f56bfc062723c751e8b465ee728b)
Start importing Assets/Tiny Swords/Terrain/Tileset/Tilemap Settings/Sliced Tiles/Tilemap_color1_38.asset using Guid(908b516dcb35840dcad08ee5f43f1f23) Importer(815301076,1909f56bfc062723c751e8b465ee728b)  -> (artifact id: 'c57ffaaf97f570c6e3b2565fc852476b') in 0.031878 seconds
Number of updated asset objects reloaded before import = 0
Number of asset objects unloaded after import = 3
========================================================================
Received Import Request.
  Time since last request: 0.000025 seconds.
  path: Assets/Tiny Swords/Terrain/Tileset/Tilemap Settings/Sliced Tiles/Tilemap_color4_5.asset
  artifactKey: Guid(758ac5928b20748039681e071d47348b) Importer(815301076,1909f56bfc062723c751e8b465ee728b)
Start importing Assets/Tiny Swords/Terrain/Tileset/Tilemap Settings/Sliced Tiles/Tilemap_color4_5.asset using Guid(758ac5928b20748039681e071d47348b) Importer(815301076,1909f56bfc062723c751e8b465ee728b)  -> (artifact id: '626bed375838a15c3a84b6d2d2a4a1ad') in 0.021092 seconds
Number of updated asset objects reloaded before import = 0
Number of asset objects unloaded after import = 3
========================================================================
Received Import Request.
  Time since last request: 0.000023 seconds.
  path: Assets/Tiny Swords/Terrain/Tileset/Tilemap Settings/Sliced Tiles/Tilemap_color3_6.asset
  artifactKey: Guid(6be0aa66dd6444f84ae2ea22c78ff9d1) Importer(815301076,1909f56bfc062723c751e8b465ee728b)
Start importing Assets/Tiny Swords/Terrain/Tileset/Tilemap Settings/Sliced Tiles/Tilemap_color3_6.asset using Guid(6be0aa66dd6444f84ae2ea22c78ff9d1) Importer(815301076,1909f56bfc062723c751e8b465ee728b)  -> (artifact id: '40d289d19cd3770c63d2b6c1aeb4e5b2') in 0.045942 seconds
Number of updated asset objects reloaded before import = 0
Number of asset objects unloaded after import = 3
========================================================================
Received Import Request.
  Time since last request: 0.000028 seconds.
  path: Assets/Tiny Swords/Terrain/Tileset/Tilemap Settings/Sliced Tiles/Tilemap_color2_27.asset
  artifactKey: Guid(b68a986019cf74e22859ffe4cf5eb96f) Importer(815301076,1909f56bfc062723c751e8b465ee728b)
Start importing Assets/Tiny Swords/Terrain/Tileset/Tilemap Settings/Sliced Tiles/Tilemap_color2_27.asset using Guid(b68a986019cf74e22859ffe4cf5eb96f) Importer(815301076,1909f56bfc062723c751e8b465ee728b)  -> (artifact id: 'ce537bf77f5b19102ebf4926f2e66baf') in 0.029910 seconds
Number of updated asset objects reloaded before import = 0
Number of asset objects unloaded after import = 3
========================================================================
Received Import Request.
  Time since last request: 0.000036 seconds.
  path: Assets/Tiny Swords/Terrain/Tileset/Tilemap Settings/Sliced Tiles/Tilemap_color3_4.asset
  artifactKey: Guid(c05186b1fa03c457c8d2b7c7df6aae9d) Importer(815301076,1909f56bfc062723c751e8b465ee728b)
Start importing Assets/Tiny Swords/Terrain/Tileset/Tilemap Settings/Sliced Tiles/Tilemap_color3_4.asset using Guid(c05186b1fa03c457c8d2b7c7df6aae9d) Importer(815301076,1909f56bfc062723c751e8b465ee728b)  -> (artifact id: '62604ebd59f4e7cfcd534c060beeb8ba') in 0.040594 seconds
Number of updated asset objects reloaded before import = 0
Number of asset objects unloaded after import = 3
========================================================================
Received Import Request.
  Time since last request: 0.000024 seconds.
  path: Assets/Tiny Swords/Terrain/Tileset/Tilemap Settings/Sliced Tiles/Tilemap_color5_34.asset
  artifactKey: Guid(ceae080818131457c9d6499dcd88f443) Importer(815301076,1909f56bfc062723c751e8b465ee728b)
Start importing Assets/Tiny Swords/Terrain/Tileset/Tilemap Settings/Sliced Tiles/Tilemap_color5_34.asset using Guid(ceae080818131457c9d6499dcd88f443) Importer(815301076,1909f56bfc062723c751e8b465ee728b)  -> (artifact id: '9465dcd8ca34ac531363ff4437674c5e') in 0.025036 seconds
Number of updated asset objects reloaded before import = 0
Number of asset objects unloaded after import = 3
========================================================================
Received Import Request.
  Time since last request: 0.000022 seconds.
  path: Assets/Tiny Swords/Terrain/Tileset/Tilemap Settings/Sliced Tiles/Tilemap_color4_9.asset
  artifactKey: Guid(4731268d45b734cdfba41ba6cdf5720b) Importer(815301076,1909f56bfc062723c751e8b465ee728b)
Start importing Assets/Tiny Swords/Terrain/Tileset/Tilemap Settings/Sliced Tiles/Tilemap_color4_9.asset using Guid(4731268d45b734cdfba41ba6cdf5720b) Importer(815301076,1909f56bfc062723c751e8b465ee728b)  -> (artifact id: 'a0cc7bf1293c1e84285937647b9dfb71') in 0.025489 seconds
Number of updated asset objects reloaded before import = 0
Number of asset objects unloaded after import = 3
========================================================================
Received Import Request.
  Time since last request: 0.000069 seconds.
  path: Assets/Tiny Swords/Terrain/Tileset/Tilemap Settings/Sliced Tiles/Tilemap_color4_21.asset
  artifactKey: Guid(5273e6aa871654c1291cf05788fff222) Importer(815301076,1909f56bfc062723c751e8b465ee728b)
Start importing Assets/Tiny Swords/Terrain/Tileset/Tilemap Settings/Sliced Tiles/Tilemap_color4_21.asset using Guid(5273e6aa871654c1291cf05788fff222) Importer(815301076,1909f56bfc062723c751e8b465ee728b)  -> (artifact id: '2fb758e0d9d44ef9ce0297e74908ea16') in 0.026844 seconds
Number of updated asset objects reloaded before import = 0
Number of asset objects unloaded after import = 3
========================================================================
Received Import Request.
  Time since last request: 0.000031 seconds.
  path: Assets/Tiny Swords/Terrain/Tileset/Tilemap Settings/Sliced Tiles/Tilemap_color5_33.asset
  artifactKey: Guid(473926adf4d01458f889ab3edc02d813) Importer(815301076,1909f56bfc062723c751e8b465ee728b)
Start importing Assets/Tiny Swords/Terrain/Tileset/Tilemap Settings/Sliced Tiles/Tilemap_color5_33.asset using Guid(473926adf4d01458f889ab3edc02d813) Importer(815301076,1909f56bfc062723c751e8b465ee728b)  -> (artifact id: '95c4ab4de29f21ce4bc09bee4c175043') in 0.024515 seconds
Number of updated asset objects reloaded before import = 0
Number of asset objects unloaded after import = 3
========================================================================
Received Import Request.
  Time since last request: 0.000021 seconds.
  path: Assets/Tiny Swords/Terrain/Tileset/Tilemap Settings/Sliced Tiles/Tilemap_color3_35.asset
  artifactKey: Guid(b2a49b02a39cc446f88ba2c0128c04ca) Importer(815301076,1909f56bfc062723c751e8b465ee728b)
Start importing Assets/Tiny Swords/Terrain/Tileset/Tilemap Settings/Sliced Tiles/Tilemap_color3_35.asset using Guid(b2a49b02a39cc446f88ba2c0128c04ca) Importer(815301076,1909f56bfc062723c751e8b465ee728b)  -> (artifact id: '61ff649990dac7f82be4658f53237b8d') in 0.031141 seconds
Number of updated asset objects reloaded before import = 0
Number of asset objects unloaded after import = 3
========================================================================
Received Import Request.
  Time since last request: 0.000019 seconds.
  path: Assets/Tiny Swords/Terrain/Tileset/Tilemap Settings/Sliced Tiles/Tilemap_color3_23.asset
  artifactKey: Guid(0012962692c754955af174d36b098eb9) Importer(815301076,1909f56bfc062723c751e8b465ee728b)
Start importing Assets/Tiny Swords/Terrain/Tileset/Tilemap Settings/Sliced Tiles/Tilemap_color3_23.asset using Guid(0012962692c754955af174d36b098eb9) Importer(815301076,1909f56bfc062723c751e8b465ee728b)  -> (artifact id: '80aba49458e1a462df212aa4bb73ff30') in 0.025860 seconds
Number of updated asset objects reloaded before import = 0
Number of asset objects unloaded after import = 3
========================================================================
Received Import Request.
  Time since last request: 0.000029 seconds.
  path: Assets/Tiny Swords/Terrain/Tileset/Tilemap Settings/Sliced Tiles/Tilemap_color2_7.asset
  artifactKey: Guid(b3807527301454967bd509b4d43db5a9) Importer(815301076,1909f56bfc062723c751e8b465ee728b)
Start importing Assets/Tiny Swords/Terrain/Tileset/Tilemap Settings/Sliced Tiles/Tilemap_color2_7.asset using Guid(b3807527301454967bd509b4d43db5a9) Importer(815301076,1909f56bfc062723c751e8b465ee728b)  -> (artifact id: 'e4b20508d6b3e7d834247cf9ca5cd57d') in 0.021917 seconds
Number of updated asset objects reloaded before import = 0
Number of asset objects unloaded after import = 3
========================================================================
Received Import Request.
  Time since last request: 0.000018 seconds.
  path: Assets/Tiny Swords/Terrain/Tileset/Tilemap Settings/Sliced Tiles/Tilemap_color2_4.asset
  artifactKey: Guid(00861c115cc16447ea968bc8179c6ac5) Importer(815301076,1909f56bfc062723c751e8b465ee728b)
Start importing Assets/Tiny Swords/Terrain/Tileset/Tilemap Settings/Sliced Tiles/Tilemap_color2_4.asset using Guid(00861c115cc16447ea968bc8179c6ac5) Importer(815301076,1909f56bfc062723c751e8b465ee728b)  -> (artifact id: '0b2d324acacac8df82ad40b25f106d0c') in 0.025236 seconds
Number of updated asset objects reloaded before import = 0
Number of asset objects unloaded after import = 3
========================================================================
Received Import Request.
  Time since last request: 0.000023 seconds.
  path: Assets/Tiny Swords/Terrain/Tileset/Tilemap Settings/Sliced Tiles/Tilemap_color3_0.asset
  artifactKey: Guid(76310ec51328049e39c17da26ceb00dc) Importer(815301076,1909f56bfc062723c751e8b465ee728b)
Start importing Assets/Tiny Swords/Terrain/Tileset/Tilemap Settings/Sliced Tiles/Tilemap_color3_0.asset using Guid(76310ec51328049e39c17da26ceb00dc) Importer(815301076,1909f56bfc062723c751e8b465ee728b)  -> (artifact id: '2f65431d4456490727366b3d7badc1d5') in 0.027844 seconds
Number of updated asset objects reloaded before import = 0
Number of asset objects unloaded after import = 3
========================================================================
Received Import Request.
  Time since last request: 0.000019 seconds.
  path: Assets/Tiny Swords/Terrain/Tileset/Tilemap Settings/Sliced Tiles/Tilemap_color3_26.asset
  artifactKey: Guid(64ecb9c7b8f9c4f5cb3a0d4a7de7ebc7) Importer(815301076,1909f56bfc062723c751e8b465ee728b)
Start importing Assets/Tiny Swords/Terrain/Tileset/Tilemap Settings/Sliced Tiles/Tilemap_color3_26.asset using Guid(64ecb9c7b8f9c4f5cb3a0d4a7de7ebc7) Importer(815301076,1909f56bfc062723c751e8b465ee728b)  -> (artifact id: '4533ebfad6fbfce6e24157413a58f06f') in 0.022445 seconds
Number of updated asset objects reloaded before import = 0
Number of asset objects unloaded after import = 3
========================================================================
Received Import Request.
  Time since last request: 0.000052 seconds.
  path: Assets/Tiny Swords/Terrain/Tileset/Tilemap Settings/Sliced Tiles/Tilemap_color1_3.asset
  artifactKey: Guid(f370e50ecc2ea4cf3bf5105419564b48) Importer(815301076,1909f56bfc062723c751e8b465ee728b)
Start importing Assets/Tiny Swords/Terrain/Tileset/Tilemap Settings/Sliced Tiles/Tilemap_color1_3.asset using Guid(f370e50ecc2ea4cf3bf5105419564b48) Importer(815301076,1909f56bfc062723c751e8b465ee728b)  -> (artifact id: 'e8f77ba73685b8161a5a3d75b53e2e81') in 0.028331 seconds
Number of updated asset objects reloaded before import = 0
Number of asset objects unloaded after import = 3
========================================================================
Received Import Request.
  Time since last request: 0.000016 seconds.
  path: Assets/Tiny Swords/Terrain/Tileset/Tilemap Settings/Sliced Tiles/Tilemap_color5_4.asset
  artifactKey: Guid(ad8b893aa17194363b4503cf2feb0f2f) Importer(815301076,1909f56bfc062723c751e8b465ee728b)
Start importing Assets/Tiny Swords/Terrain/Tileset/Tilemap Settings/Sliced Tiles/Tilemap_color5_4.asset using Guid(ad8b893aa17194363b4503cf2feb0f2f) Importer(815301076,1909f56bfc062723c751e8b465ee728b)  -> (artifact id: '6457ce70b184f6dfec2ea71116452ba6') in 0.031006 seconds
Number of updated asset objects reloaded before import = 0
Number of asset objects unloaded after import = 3
========================================================================
Received Import Request.
  Time since last request: 0.000026 seconds.
  path: Assets/Tiny Swords/Terrain/Tileset/Tilemap Settings/Sliced Tiles/Tilemap_color4_40.asset
  artifactKey: Guid(03cec731a9aaf41efa08b0cfd3173086) Importer(815301076,1909f56bfc062723c751e8b465ee728b)
Start importing Assets/Tiny Swords/Terrain/Tileset/Tilemap Settings/Sliced Tiles/Tilemap_color4_40.asset using Guid(03cec731a9aaf41efa08b0cfd3173086) Importer(815301076,1909f56bfc062723c751e8b465ee728b)  -> (artifact id: 'd63d1600b9fb6b4b6ecdff263c3a3de7') in 0.024383 seconds
Number of updated asset objects reloaded before import = 0
Number of asset objects unloaded after import = 3
========================================================================
Received Import Request.
  Time since last request: 0.000070 seconds.
  path: Assets/Tiny Swords/Terrain/Tileset/Tilemap Settings/Sliced Tiles/Tilemap_color5_9.asset
  artifactKey: Guid(fce98e631436847ef9a0a2713b645a86) Importer(815301076,1909f56bfc062723c751e8b465ee728b)
Start importing Assets/Tiny Swords/Terrain/Tileset/Tilemap Settings/Sliced Tiles/Tilemap_color5_9.asset using Guid(fce98e631436847ef9a0a2713b645a86) Importer(815301076,1909f56bfc062723c751e8b465ee728b)  -> (artifact id: '39b19b9bc290582099d7f7216aca21fc') in 0.025807 seconds
Number of updated asset objects reloaded before import = 0
Number of asset objects unloaded after import = 3
========================================================================
Received Import Request.
  Time since last request: 0.000021 seconds.
  path: Assets/Tiny Swords/Terrain/Tileset/Tilemap Settings/Sliced Tiles/Tilemap_color3_1.asset
  artifactKey: Guid(5c637b4b0a3a744789b477c21b90888c) Importer(815301076,1909f56bfc062723c751e8b465ee728b)
Start importing Assets/Tiny Swords/Terrain/Tileset/Tilemap Settings/Sliced Tiles/Tilemap_color3_1.asset using Guid(5c637b4b0a3a744789b477c21b90888c) Importer(815301076,1909f56bfc062723c751e8b465ee728b)  -> (artifact id: 'f88f166f82b03757256f481c461a7e80') in 0.030667 seconds
Number of updated asset objects reloaded before import = 0
Number of asset objects unloaded after import = 3
========================================================================
Received Import Request.
  Time since last request: 0.000038 seconds.
  path: Assets/Tiny Swords/Terrain/Tileset/Tilemap Settings/Sliced Tiles/Tilemap_color2_22.asset
  artifactKey: Guid(addc24ed984ce473e982d8f9ae3b11dd) Importer(815301076,1909f56bfc062723c751e8b465ee728b)
Start importing Assets/Tiny Swords/Terrain/Tileset/Tilemap Settings/Sliced Tiles/Tilemap_color2_22.asset using Guid(addc24ed984ce473e982d8f9ae3b11dd) Importer(815301076,1909f56bfc062723c751e8b465ee728b)  -> (artifact id: '5d2ab67f08fd46d8d1e0b872b13ebb0d') in 0.027863 seconds
Number of updated asset objects reloaded before import = 0
Number of asset objects unloaded after import = 3
========================================================================
Received Import Request.
  Time since last request: 0.000021 seconds.
  path: Assets/Tiny Swords/Terrain/Tileset/Tilemap Settings/Sliced Tiles/Tilemap_color3_9.asset
  artifactKey: Guid(809ed91fd31cb4ff49d3df0eb3eb0817) Importer(815301076,1909f56bfc062723c751e8b465ee728b)
Start importing Assets/Tiny Swords/Terrain/Tileset/Tilemap Settings/Sliced Tiles/Tilemap_color3_9.asset using Guid(809ed91fd31cb4ff49d3df0eb3eb0817) Importer(815301076,1909f56bfc062723c751e8b465ee728b)  -> (artifact id: 'ad566e293b979d692da9fb0c866fa599') in 0.026343 seconds
Number of updated asset objects reloaded before import = 0
Number of asset objects unloaded after import = 3
========================================================================
Received Import Request.
  Time since last request: 0.000025 seconds.
  path: Assets/Tiny Swords/Terrain/Tileset/Tilemap Settings/Sliced Tiles/Tilemap_color2_33.asset
  artifactKey: Guid(cdc06edefecd445c1b38ad37d22d49f9) Importer(815301076,1909f56bfc062723c751e8b465ee728b)
Start importing Assets/Tiny Swords/Terrain/Tileset/Tilemap Settings/Sliced Tiles/Tilemap_color2_33.asset using Guid(cdc06edefecd445c1b38ad37d22d49f9) Importer(815301076,1909f56bfc062723c751e8b465ee728b)  -> (artifact id: '13ddc630793591c6a85704e8432dd79f') in 0.025783 seconds
Number of updated asset objects reloaded before import = 0
Number of asset objects unloaded after import = 3
========================================================================
Received Import Request.
  Time since last request: 0.000020 seconds.
  path: Assets/Tiny Swords/Terrain/Tileset/Tilemap Settings/Sliced Tiles/Tilemap_color5_3.asset
  artifactKey: Guid(46f99acbb307e40c1b2760c0095cb5be) Importer(815301076,1909f56bfc062723c751e8b465ee728b)
Start importing Assets/Tiny Swords/Terrain/Tileset/Tilemap Settings/Sliced Tiles/Tilemap_color5_3.asset using Guid(46f99acbb307e40c1b2760c0095cb5be) Importer(815301076,1909f56bfc062723c751e8b465ee728b)  -> (artifact id: '8ca3f3b8e29977c16d6fed0bb00a9c17') in 0.027645 seconds
Number of updated asset objects reloaded before import = 0
Number of asset objects unloaded after import = 3
========================================================================
Received Import Request.
  Time since last request: 0.000022 seconds.
  path: Assets/Tiny Swords/Terrain/Tileset/Tilemap Settings/Sliced Tiles/Tilemap_color1_8.asset
  artifactKey: Guid(455f30f06f6d34d15991cdb7cb8c1f4f) Importer(815301076,1909f56bfc062723c751e8b465ee728b)
Start importing Assets/Tiny Swords/Terrain/Tileset/Tilemap Settings/Sliced Tiles/Tilemap_color1_8.asset using Guid(455f30f06f6d34d15991cdb7cb8c1f4f) Importer(815301076,1909f56bfc062723c751e8b465ee728b)  -> (artifact id: '1bea2154b67664bce6f39ccfaf20bd60') in 0.025445 seconds
Number of updated asset objects reloaded before import = 0
Number of asset objects unloaded after import = 3
========================================================================
Received Import Request.
  Time since last request: 0.000027 seconds.
  path: Assets/Tiny Swords/Terrain/Tileset/Tilemap Settings/Sliced Tiles/Tilemap_color2_10.asset
  artifactKey: Guid(95af8ad9d36d34b698f070cfa04bf649) Importer(815301076,1909f56bfc062723c751e8b465ee728b)
Start importing Assets/Tiny Swords/Terrain/Tileset/Tilemap Settings/Sliced Tiles/Tilemap_color2_10.asset using Guid(95af8ad9d36d34b698f070cfa04bf649) Importer(815301076,1909f56bfc062723c751e8b465ee728b)  -> (artifact id: 'cec0228f7000d1e2e9bd179cbd7c73a8') in 0.027209 seconds
Number of updated asset objects reloaded before import = 0
Number of asset objects unloaded after import = 3
========================================================================
Received Import Request.
  Time since last request: 0.000046 seconds.
  path: Assets/Tiny Swords/Terrain/Tileset/Tilemap Settings/Sliced Tiles/Tilemap_color1_11.asset
  artifactKey: Guid(e9464a6a81e9c4f8eb2deaa758ba96cb) Importer(815301076,1909f56bfc062723c751e8b465ee728b)
Start importing Assets/Tiny Swords/Terrain/Tileset/Tilemap Settings/Sliced Tiles/Tilemap_color1_11.asset using Guid(e9464a6a81e9c4f8eb2deaa758ba96cb) Importer(815301076,1909f56bfc062723c751e8b465ee728b)  -> (artifact id: '4d40f8fc28773246ea9e8b5e5d87f661') in 0.029160 seconds
Number of updated asset objects reloaded before import = 0
Number of asset objects unloaded after import = 3
========================================================================
Received Import Request.
  Time since last request: 0.000026 seconds.
  path: Assets/Tiny Swords/Terrain/Tileset/Tilemap Settings/Sliced Tiles/Tilemap_color2_0.asset
  artifactKey: Guid(5ddb8d3c4d136459f83e927973a8f78d) Importer(815301076,1909f56bfc062723c751e8b465ee728b)
Start importing Assets/Tiny Swords/Terrain/Tileset/Tilemap Settings/Sliced Tiles/Tilemap_color2_0.asset using Guid(5ddb8d3c4d136459f83e927973a8f78d) Importer(815301076,1909f56bfc062723c751e8b465ee728b)  -> (artifact id: '6ec5bb5154c87654cd60f7b20d80a19f') in 0.025675 seconds
Number of updated asset objects reloaded before import = 0
Number of asset objects unloaded after import = 3
========================================================================
Received Import Request.
  Time since last request: 0.000027 seconds.
  path: Assets/Tiny Swords/Terrain/Tileset/Tilemap Settings/Sliced Tiles/Tilemap_color2_32.asset
  artifactKey: Guid(0ad74858bf66441e9bc483fc0542c9a7) Importer(815301076,1909f56bfc062723c751e8b465ee728b)
Start importing Assets/Tiny Swords/Terrain/Tileset/Tilemap Settings/Sliced Tiles/Tilemap_color2_32.asset using Guid(0ad74858bf66441e9bc483fc0542c9a7) Importer(815301076,1909f56bfc062723c751e8b465ee728b)  -> (artifact id: '0129ab5e41b5bda3fdc67928666b5527') in 0.025129 seconds
Number of updated asset objects reloaded before import = 0
Number of asset objects unloaded after import = 3
========================================================================
Received Import Request.
  Time since last request: 0.000024 seconds.
  path: Assets/Tiny Swords/Terrain/Tileset/Tilemap Settings/Sliced Tiles/Tilemap_color3_16.asset
  artifactKey: Guid(8f6c3805b620b48549d5e853f3ecf6e3) Importer(815301076,1909f56bfc062723c751e8b465ee728b)
Start importing Assets/Tiny Swords/Terrain/Tileset/Tilemap Settings/Sliced Tiles/Tilemap_color3_16.asset using Guid(8f6c3805b620b48549d5e853f3ecf6e3) Importer(815301076,1909f56bfc062723c751e8b465ee728b)  -> (artifact id: 'e796750e1d942833f6d40a8a71096190') in 0.027011 seconds
Number of updated asset objects reloaded before import = 0
Number of asset objects unloaded after import = 3
========================================================================
Received Import Request.
  Time since last request: 0.000021 seconds.
  path: Assets/Tiny Swords/Terrain/Tileset/Tilemap Settings/Sliced Tiles/Tilemap_color1_43.asset
  artifactKey: Guid(8b1ae67604b73463a96d8038c374f767) Importer(815301076,1909f56bfc062723c751e8b465ee728b)
Start importing Assets/Tiny Swords/Terrain/Tileset/Tilemap Settings/Sliced Tiles/Tilemap_color1_43.asset using Guid(8b1ae67604b73463a96d8038c374f767) Importer(815301076,1909f56bfc062723c751e8b465ee728b)  -> (artifact id: '6802bd09c1394c20ad5fb76ca27f192e') in 0.043877 seconds
Number of updated asset objects reloaded before import = 0
Number of asset objects unloaded after import = 3
========================================================================
Received Import Request.
  Time since last request: 0.000022 seconds.
  path: Assets/Tiny Swords/Terrain/Tileset/Tilemap Settings/Sliced Tiles/Tilemap_color2_38.asset
  artifactKey: Guid(338002e4a7eaf4d0a9726dde0b860440) Importer(815301076,1909f56bfc062723c751e8b465ee728b)
Start importing Assets/Tiny Swords/Terrain/Tileset/Tilemap Settings/Sliced Tiles/Tilemap_color2_38.asset using Guid(338002e4a7eaf4d0a9726dde0b860440) Importer(815301076,1909f56bfc062723c751e8b465ee728b)  -> (artifact id: 'ca847b6902f2a2072b4dde590c37921d') in 0.029166 seconds
Number of updated asset objects reloaded before import = 0
Number of asset objects unloaded after import = 3
========================================================================
Received Import Request.
  Time since last request: 0.000082 seconds.
  path: Assets/Tiny Swords/Terrain/Tileset/Tilemap Settings/Sliced Tiles/Tilemap_color1_4.asset
  artifactKey: Guid(d1660b773e7c7462fb5788149ad65818) Importer(815301076,1909f56bfc062723c751e8b465ee728b)
Start importing Assets/Tiny Swords/Terrain/Tileset/Tilemap Settings/Sliced Tiles/Tilemap_color1_4.asset using Guid(d1660b773e7c7462fb5788149ad65818) Importer(815301076,1909f56bfc062723c751e8b465ee728b)  -> (artifact id: '23b538e979248740da2c3c235ba5f6aa') in 0.024972 seconds
Number of updated asset objects reloaded before import = 0
Number of asset objects unloaded after import = 3
========================================================================
Received Import Request.
  Time since last request: 0.000037 seconds.
  path: Assets/Tiny Swords/Terrain/Tileset/Tilemap Settings/Sliced Tiles/Tilemap_color3_25.asset
  artifactKey: Guid(2fccff816387f4b24aaef868b083bde2) Importer(815301076,1909f56bfc062723c751e8b465ee728b)
Start importing Assets/Tiny Swords/Terrain/Tileset/Tilemap Settings/Sliced Tiles/Tilemap_color3_25.asset using Guid(2fccff816387f4b24aaef868b083bde2) Importer(815301076,1909f56bfc062723c751e8b465ee728b)  -> (artifact id: '0742bc45e98b4b6e887da05a5a7fca9b') in 0.027349 seconds
Number of updated asset objects reloaded before import = 0
Number of asset objects unloaded after import = 3
========================================================================
Received Import Request.
  Time since last request: 0.000018 seconds.
  path: Assets/Tiny Swords/Terrain/Tileset/Tilemap Settings/Sliced Tiles/Tilemap_color4_37.asset
  artifactKey: Guid(ea17fe8c9e4184108b81c79c99caf04e) Importer(815301076,1909f56bfc062723c751e8b465ee728b)
Start importing Assets/Tiny Swords/Terrain/Tileset/Tilemap Settings/Sliced Tiles/Tilemap_color4_37.asset using Guid(ea17fe8c9e4184108b81c79c99caf04e) Importer(815301076,1909f56bfc062723c751e8b465ee728b)  -> (artifact id: '2705bdc09d223b53404cfa2996c299ee') in 0.026568 seconds
Number of updated asset objects reloaded before import = 0
Number of asset objects unloaded after import = 3
========================================================================
Received Import Request.
  Time since last request: 0.000018 seconds.
  path: Assets/Tiny Swords/Terrain/Tileset/Tilemap Settings/Sliced Tiles/Tilemap_color3_28.asset
  artifactKey: Guid(37207ae5b9dc743f08dde177b494a6dd) Importer(815301076,1909f56bfc062723c751e8b465ee728b)
Start importing Assets/Tiny Swords/Terrain/Tileset/Tilemap Settings/Sliced Tiles/Tilemap_color3_28.asset using Guid(37207ae5b9dc743f08dde177b494a6dd) Importer(815301076,1909f56bfc062723c751e8b465ee728b)  -> (artifact id: 'ea22520dd357c5f345e0133203471611') in 0.041534 seconds
Number of updated asset objects reloaded before import = 0
Number of asset objects unloaded after import = 3
========================================================================
Received Import Request.
  Time since last request: 0.000027 seconds.
  path: Assets/Tiny Swords/Terrain/Tileset/Tilemap Settings/Sliced Tiles/Tilemap_color2_42.asset
  artifactKey: Guid(6e7d3bec811c140ea9246b5f289ee9c7) Importer(815301076,1909f56bfc062723c751e8b465ee728b)
Start importing Assets/Tiny Swords/Terrain/Tileset/Tilemap Settings/Sliced Tiles/Tilemap_color2_42.asset using Guid(6e7d3bec811c140ea9246b5f289ee9c7) Importer(815301076,1909f56bfc062723c751e8b465ee728b)  -> (artifact id: '579a9c3b4caa362ca78617d1ed2bbd5e') in 0.028335 seconds
Number of updated asset objects reloaded before import = 0
Number of asset objects unloaded after import = 3
========================================================================
Received Import Request.
  Time since last request: 0.000021 seconds.
  path: Assets/Tiny Swords/Terrain/Tileset/Tilemap Settings/Sliced Tiles/Tilemap_color5_17.asset
  artifactKey: Guid(9dfec9a8b840e41eba62683fc36f9c7d) Importer(815301076,1909f56bfc062723c751e8b465ee728b)
Start importing Assets/Tiny Swords/Terrain/Tileset/Tilemap Settings/Sliced Tiles/Tilemap_color5_17.asset using Guid(9dfec9a8b840e41eba62683fc36f9c7d) Importer(815301076,1909f56bfc062723c751e8b465ee728b)  -> (artifact id: '2641ebd334c4132782785bb9ee98d7e0') in 0.028538 seconds
Number of updated asset objects reloaded before import = 0
Number of asset objects unloaded after import = 3
========================================================================
Received Import Request.
  Time since last request: 0.000028 seconds.
  path: Assets/Tiny Swords/Terrain/Tileset/Tilemap Settings/Sliced Tiles/Tilemap_color2_26.asset
  artifactKey: Guid(aacb245363f814f06acee726ace2c916) Importer(815301076,1909f56bfc062723c751e8b465ee728b)
Start importing Assets/Tiny Swords/Terrain/Tileset/Tilemap Settings/Sliced Tiles/Tilemap_color2_26.asset using Guid(aacb245363f814f06acee726ace2c916) Importer(815301076,1909f56bfc062723c751e8b465ee728b)  -> (artifact id: 'bb468d382ec37f07f54c8ebf08516602') in 0.026708 seconds
Number of updated asset objects reloaded before import = 0
Number of asset objects unloaded after import = 3
========================================================================
Received Import Request.
  Time since last request: 0.000084 seconds.
  path: Assets/Tiny Swords/Terrain/Tileset/Tilemap Settings/Sliced Tiles/Tilemap_color3_5.asset
  artifactKey: Guid(fb46512fa54de411aa963142af4a9cbb) Importer(815301076,1909f56bfc062723c751e8b465ee728b)
Start importing Assets/Tiny Swords/Terrain/Tileset/Tilemap Settings/Sliced Tiles/Tilemap_color3_5.asset using Guid(fb46512fa54de411aa963142af4a9cbb) Importer(815301076,1909f56bfc062723c751e8b465ee728b)  -> (artifact id: '77996e47eda5a8e5cc30bb7f72f80768') in 0.024962 seconds
Number of updated asset objects reloaded before import = 0
Number of asset objects unloaded after import = 3
========================================================================
Received Import Request.
  Time since last request: 0.000019 seconds.
  path: Assets/Tiny Swords/Terrain/Tileset/Tilemap Settings/Sliced Tiles/Tilemap_color5_41.asset
  artifactKey: Guid(c61732edffbe948cc84f4489a653f9ec) Importer(815301076,1909f56bfc062723c751e8b465ee728b)
Start importing Assets/Tiny Swords/Terrain/Tileset/Tilemap Settings/Sliced Tiles/Tilemap_color5_41.asset using Guid(c61732edffbe948cc84f4489a653f9ec) Importer(815301076,1909f56bfc062723c751e8b465ee728b)  -> (artifact id: '81711e48ad682d9d04830f12f72864e8') in 0.024110 seconds
Number of updated asset objects reloaded before import = 0
Number of asset objects unloaded after import = 3
========================================================================
Received Import Request.
  Time since last request: 0.000020 seconds.
  path: Assets/Tiny Swords/Terrain/Tileset/Tilemap Settings/Sliced Tiles/Tilemap_color2_25.asset
  artifactKey: Guid(38ac219bb89e54af283d491b3b6a1a63) Importer(815301076,1909f56bfc062723c751e8b465ee728b)
Start importing Assets/Tiny Swords/Terrain/Tileset/Tilemap Settings/Sliced Tiles/Tilemap_color2_25.asset using Guid(38ac219bb89e54af283d491b3b6a1a63) Importer(815301076,1909f56bfc062723c751e8b465ee728b)  -> (artifact id: '4748b798a9e1d59305fd705a5c805314') in 0.025869 seconds
Number of updated asset objects reloaded before import = 0
Number of asset objects unloaded after import = 3
========================================================================
Received Import Request.
  Time since last request: 0.000022 seconds.
  path: Assets/Tiny Swords/Terrain/Tileset/Tilemap Settings/Sliced Tiles/Tilemap_color1_1.asset
  artifactKey: Guid(9575383f01da845eaac37b6f24ad5b03) Importer(815301076,1909f56bfc062723c751e8b465ee728b)
Start importing Assets/Tiny Swords/Terrain/Tileset/Tilemap Settings/Sliced Tiles/Tilemap_color1_1.asset using Guid(9575383f01da845eaac37b6f24ad5b03) Importer(815301076,1909f56bfc062723c751e8b465ee728b)  -> (artifact id: '65f113395fed7b284e8ff21cf1232361') in 0.019186 seconds
Number of updated asset objects reloaded before import = 0
Number of asset objects unloaded after import = 3
========================================================================
Received Import Request.
  Time since last request: 33.672170 seconds.
  path: Assets/Tiny Swords (Update 010)/Terrain/Bridge/Bridge_All.png
  artifactKey: Guid(92b586e6e25ab2346901cf6fa2239ce1) Importer(815301076,1909f56bfc062723c751e8b465ee728b)
Start importing Assets/Tiny Swords (Update 010)/Terrain/Bridge/Bridge_All.png using Guid(92b586e6e25ab2346901cf6fa2239ce1) Importer(815301076,1909f56bfc062723c751e8b465ee728b)  -> (artifact id: '2b992898316472d447f7e059b6bf96d7') in 0.047174 seconds
Number of updated asset objects reloaded before import = 0
Number of asset objects unloaded after import = 2
========================================================================
Received Import Request.
  Time since last request: 57.861106 seconds.
  path: Assets/Tiny Swords (Update 010)/Terrain/Bridge/Bridge_All.png
  artifactKey: Guid(92b586e6e25ab2346901cf6fa2239ce1) Importer(815301076,1909f56bfc062723c751e8b465ee728b)
Start importing Assets/Tiny Swords (Update 010)/Terrain/Bridge/Bridge_All.png using Guid(92b586e6e25ab2346901cf6fa2239ce1) Importer(815301076,1909f56bfc062723c751e8b465ee728b)  -> (artifact id: '081239217d6945976e0cae06232a4417') in 0.070625 seconds
Number of updated asset objects reloaded before import = 0
Number of asset objects unloaded after import = 12
========================================================================
Received Prepare
Begin MonoManager ReloadAssembly
Symbol file LoadedFromMemory is not a mono symbol file
- Loaded All Assemblies, in  0.613 seconds
Refreshing native plugins compatible for Editor in 10.23 ms, found 4 plugins.
Native extension for WindowsStandalone target not found
Native extension for WebGL target not found
[Package Manager] Server::EnsureServerProcessIsRunning -- launch failed, reason: Unity was launched with the -noUpm command-line argument
[Package Manager] UpmClient::Send -- Unable to send message (not connected to UPM process).
[Package Manager] Cannot connect to Unity Package Manager local server
Mono: successfully reloaded assembly
- Finished resetting the current domain, in  1.755 seconds
Domain Reload Profiling: 2356ms
	BeginReloadAssembly (185ms)
		ExecutionOrderSort (0ms)
		DisableScriptedObjects (11ms)
		BackupInstance (0ms)
		ReleaseScriptingObjects (0ms)
		CreateAndSetChildDomain (38ms)
	RebuildCommonClasses (30ms)
	RebuildNativeTypeToScriptingClass (11ms)
	initialDomainReloadingComplete (44ms)
	LoadAllAssembliesAndSetupDomain (331ms)
		LoadAssemblies (411ms)
		RebuildTransferFunctionScriptingTraits (0ms)
		AnalyzeDomain (18ms)
			TypeCache.Refresh (6ms)
				TypeCache.ScanAssembly (0ms)
			ScanForSourceGeneratedMonoScriptInfo (0ms)
			ResolveRequiredComponents (11ms)
	FinalizeReload (1755ms)
		ReleaseScriptCaches (0ms)
		RebuildScriptCaches (0ms)
		SetupLoadedEditorAssemblies (591ms)
			LogAssemblyErrors (0ms)
			InitializePlatformSupportModulesInManaged (7ms)
			SetLoadedEditorAssemblies (7ms)
			RefreshPlugins (0ms)
			BeforeProcessingInitializeOnLoad (140ms)
			ProcessInitializeOnLoadAttributes (357ms)
			ProcessInitializeOnLoadMethodAttributes (69ms)
			AfterProcessingInitializeOnLoad (11ms)
			EditorAssembliesLoaded (0ms)
		ExecutionOrderSort2 (0ms)
		AwakeInstancesAfterBackupRestoration (13ms)
Refreshing native plugins compatible for Editor in 16.36 ms, found 4 plugins.
Preloading 0 native plugins for Editor in 0.00 ms.
Unloading 5629 Unused Serialized files (Serialized files now loaded: 0)
Unloading 65 unused Assets / (0.9 MB). Loaded Objects now: 6243.
Memory consumption went from 211.9 MB to 211.0 MB.
Total: 5.317100 ms (FindLiveObjects: 0.442000 ms CreateObjectMapping: 0.374000 ms MarkObjects: 3.957700 ms  DeleteObjects: 0.541700 ms)

Prepare: number of updated asset objects reloaded= 0
AssetImportParameters requested are different than current active one (requested -> active):
  custom:container-demuxer-ogg: 62fdf1f143b41e24485cea50d1cbac27 -> 
  custom:video-codec-MediaFoundation-h265: 746d11721c4dcdbdad8f713fa42b33f4 -> 
  custom:video-decoder-ogg-theora: a1e56fd34408186e4bbccfd4996cb3dc -> 
  custom:framework-win-MediaFoundation: 216162199b28c13a410421893ffa2e32 -> 
  custom:CustomObjectIndexerAttribute: 4d1d7186bcbbfe361de5f0ad951e585c -> 
  custom:container-demuxer-webm: 4f35f7cbe854078d1ac9338744f61a02 -> 
  custom:container-muxer-webm: aa71ff27fc2769a1b78a27578f13a17b -> 
  custom:video-decoder-webm-vp8: 9c59270c3fd7afecdb556c50c9e8de78 -> 
  custom:SearchIndexIgnoredProperties: e643bd26f0fe6173181afceb89e7c659 -> 
  custom:AudioImporter_EditorPlatform: d09bf68614088b80899f8185d706f6e7 -> 
  custom:video-encoder-webm-vp8: eb34c28f22e8b96e1ab97ce403110664 -> 
  custom:audio-decoder-ogg-vorbis: bf7c407c2cedff20999df2af8eb42d56 -> 
  custom:audio-encoder-webm-vorbis: bf7c407c2cedff20999df2af8eb42d56 -> 
========================================================================
Received Prepare
Begin MonoManager ReloadAssembly
Symbol file LoadedFromMemory is not a mono symbol file
- Loaded All Assemblies, in  0.600 seconds
Refreshing native plugins compatible for Editor in 10.71 ms, found 4 plugins.
Native extension for WindowsStandalone target not found
Native extension for WebGL target not found
[Package Manager] Server::EnsureServerProcessIsRunning -- launch failed, reason: Unity was launched with the -noUpm command-line argument
[Package Manager] UpmClient::Send -- Unable to send message (not connected to UPM process).
[Package Manager] Cannot connect to Unity Package Manager local server
Mono: successfully reloaded assembly
- Finished resetting the current domain, in  1.745 seconds
Domain Reload Profiling: 2334ms
	BeginReloadAssembly (184ms)
		ExecutionOrderSort (0ms)
		DisableScriptedObjects (10ms)
		BackupInstance (0ms)
		ReleaseScriptingObjects (0ms)
		CreateAndSetChildDomain (40ms)
	RebuildCommonClasses (32ms)
	RebuildNativeTypeToScriptingClass (11ms)
	initialDomainReloadingComplete (41ms)
	LoadAllAssembliesAndSetupDomain (322ms)
		LoadAssemblies (398ms)
		RebuildTransferFunctionScriptingTraits (0ms)
		AnalyzeDomain (20ms)
			TypeCache.Refresh (6ms)
				TypeCache.ScanAssembly (0ms)
			ScanForSourceGeneratedMonoScriptInfo (0ms)
			ResolveRequiredComponents (13ms)
	FinalizeReload (1746ms)
		ReleaseScriptCaches (0ms)
		RebuildScriptCaches (0ms)
		SetupLoadedEditorAssemblies (600ms)
			LogAssemblyErrors (0ms)
			InitializePlatformSupportModulesInManaged (6ms)
			SetLoadedEditorAssemblies (7ms)
			RefreshPlugins (0ms)
			BeforeProcessingInitializeOnLoad (144ms)
			ProcessInitializeOnLoadAttributes (362ms)
			ProcessInitializeOnLoadMethodAttributes (68ms)
			AfterProcessingInitializeOnLoad (13ms)
			EditorAssembliesLoaded (0ms)
		ExecutionOrderSort2 (0ms)
		AwakeInstancesAfterBackupRestoration (15ms)
Refreshing native plugins compatible for Editor in 15.22 ms, found 4 plugins.
Preloading 0 native plugins for Editor in 0.00 ms.
Unloading 5629 Unused Serialized files (Serialized files now loaded: 0)
Unloading 65 unused Assets / (0.9 MB). Loaded Objects now: 6248.
Memory consumption went from 213.8 MB to 213.0 MB.
Total: 3.846200 ms (FindLiveObjects: 0.368700 ms CreateObjectMapping: 0.200700 ms MarkObjects: 2.899100 ms  DeleteObjects: 0.375800 ms)

Prepare: number of updated asset objects reloaded= 0
AssetImportParameters requested are different than current active one (requested -> active):
  custom:container-demuxer-ogg: 62fdf1f143b41e24485cea50d1cbac27 -> 
  custom:video-codec-MediaFoundation-h265: 746d11721c4dcdbdad8f713fa42b33f4 -> 
  custom:video-decoder-ogg-theora: a1e56fd34408186e4bbccfd4996cb3dc -> 
  custom:framework-win-MediaFoundation: 216162199b28c13a410421893ffa2e32 -> 
  custom:CustomObjectIndexerAttribute: 4d1d7186bcbbfe361de5f0ad951e585c -> 
  custom:container-demuxer-webm: 4f35f7cbe854078d1ac9338744f61a02 -> 
  custom:container-muxer-webm: aa71ff27fc2769a1b78a27578f13a17b -> 
  custom:video-decoder-webm-vp8: 9c59270c3fd7afecdb556c50c9e8de78 -> 
  custom:SearchIndexIgnoredProperties: e643bd26f0fe6173181afceb89e7c659 -> 
  custom:AudioImporter_EditorPlatform: d09bf68614088b80899f8185d706f6e7 -> 
  custom:video-encoder-webm-vp8: eb34c28f22e8b96e1ab97ce403110664 -> 
  custom:audio-decoder-ogg-vorbis: bf7c407c2cedff20999df2af8eb42d56 -> 
  custom:audio-encoder-webm-vorbis: bf7c407c2cedff20999df2af8eb42d56 -> 
