Using pre-set license
Built from '2022.3/china_unity/release' branch; Version is '2022.3.15f1c1 (18739dc7bca8) revision 1602461'; Using compiler version '192829333'; Build Type 'Release'
OS: 'Windows 11  (10.0.22631) 64bit CoreCountrySpecific' Language: 'zh' Physical Memory: 14029 MB
BatchMode: 1, IsHumanControllingUs: 0, StartBugReporterOnCrash: 0, Is64bit: 1, IsPro: 1

COMMAND LINE ARGUMENTS:
D:\apps\unity\2022.3.15f1c1\Editor\Unity.exe
-adb2
-batchMode
-noUpm
-name
AssetImportWorker5
-projectPath
D:/unity/xiangmu/ProjectRTS/ProjectRTS
-logFile
Logs/AssetImportWorker5.log
-srvPort
52092
Successfully changed project path to: D:/unity/xiangmu/ProjectRTS/ProjectRTS
D:/unity/xiangmu/ProjectRTS/ProjectRTS
[UnityMemory] Configuration Parameters - Can be set up in boot.config
    "memorysetup-bucket-allocator-granularity=16"
    "memorysetup-bucket-allocator-bucket-count=8"
    "memorysetup-bucket-allocator-block-size=33554432"
    "memorysetup-bucket-allocator-block-count=8"
    "memorysetup-main-allocator-block-size=16777216"
    "memorysetup-thread-allocator-block-size=16777216"
    "memorysetup-gfx-main-allocator-block-size=16777216"
    "memorysetup-gfx-thread-allocator-block-size=16777216"
    "memorysetup-cache-allocator-block-size=4194304"
    "memorysetup-typetree-allocator-block-size=2097152"
    "memorysetup-profiler-bucket-allocator-granularity=16"
    "memorysetup-profiler-bucket-allocator-bucket-count=8"
    "memorysetup-profiler-bucket-allocator-block-size=33554432"
    "memorysetup-profiler-bucket-allocator-block-count=8"
    "memorysetup-profiler-allocator-block-size=16777216"
    "memorysetup-profiler-editor-allocator-block-size=1048576"
    "memorysetup-temp-allocator-size-main=16777216"
    "memorysetup-job-temp-allocator-block-size=2097152"
    "memorysetup-job-temp-allocator-block-size-background=1048576"
    "memorysetup-job-temp-allocator-reduction-small-platforms=262144"
    "memorysetup-allocator-temp-initial-block-size-main=262144"
    "memorysetup-allocator-temp-initial-block-size-worker=262144"
    "memorysetup-temp-allocator-size-background-worker=32768"
    "memorysetup-temp-allocator-size-job-worker=262144"
    "memorysetup-temp-allocator-size-preload-manager=33554432"
    "memorysetup-temp-allocator-size-nav-mesh-worker=65536"
    "memorysetup-temp-allocator-size-audio-worker=65536"
    "memorysetup-temp-allocator-size-cloud-worker=32768"
    "memorysetup-temp-allocator-size-gi-baking-worker=262144"
    "memorysetup-temp-allocator-size-gfx=262144"
Player connection [31736] Host "[IP] 192.168.42.1 [Port] 0 [Flags] 2 [Guid] 1626794093 [EditorId] 1626794093 [Version] 1048832 [Id] WindowsEditor(7,LAPTOP-CMHVBGDE) [Debug] 1 [PackageName] WindowsEditor [ProjectName] Editor" joined multi-casting on [225.0.0.222:54997]...

Player connection [31736] Host "[IP] 192.168.42.1 [Port] 0 [Flags] 2 [Guid] 1626794093 [EditorId] 1626794093 [Version] 1048832 [Id] WindowsEditor(7,LAPTOP-CMHVBGDE) [Debug] 1 [PackageName] WindowsEditor [ProjectName] Editor" joined alternative multi-casting on [225.0.0.222:34997]...

[Physics::Module] Initialized MultithreadedJobDispatcher with 19 workers.
Refreshing native plugins compatible for Editor in 89.08 ms, found 4 plugins.
Preloading 0 native plugins for Editor in 0.00 ms.
Initialize engine version: 2022.3.15f1c1 (18739dc7bca8)
[Subsystems] Discovering subsystems at path D:/apps/unity/2022.3.15f1c1/Editor/Data/Resources/UnitySubsystems
[Subsystems] Discovering subsystems at path D:/unity/xiangmu/ProjectRTS/ProjectRTS/Assets
GfxDevice: creating device client; threaded=0; jobified=0
Direct3D:
    Version:  Direct3D 11.0 [level 11.1]
    Renderer: NVIDIA GeForce RTX 4060 Laptop GPU (ID=0x28e0)
    Vendor:   NVIDIA
    VRAM:     7957 MB
    Driver:   32.0.15.7649
Initialize mono
Mono path[0] = 'D:/apps/unity/2022.3.15f1c1/Editor/Data/Managed'
Mono path[1] = 'D:/apps/unity/2022.3.15f1c1/Editor/Data/MonoBleedingEdge/lib/mono/unityjit-win32'
Mono config path = 'D:/apps/unity/2022.3.15f1c1/Editor/Data/MonoBleedingEdge/etc'
Using monoOptions --debugger-agent=transport=dt_socket,embedding=1,server=y,suspend=n,address=127.0.0.1:56676
Begin MonoManager ReloadAssembly
Registering precompiled unity dll's ...
Register platform support module: D:/apps/unity/2022.3.15f1c1/Editor/Data/PlaybackEngines/WebGLSupport/UnityEditor.WebGL.Extensions.dll
Register platform support module: D:/apps/unity/2022.3.15f1c1/Editor/Data/PlaybackEngines/WindowsStandaloneSupport/UnityEditor.WindowsStandalone.Extensions.dll
Registered in 0.011391 seconds.
- Loaded All Assemblies, in  0.445 seconds
Native extension for WindowsStandalone target not found
Native extension for WebGL target not found
Mono: successfully reloaded assembly
- Finished resetting the current domain, in  0.329 seconds
Domain Reload Profiling: 769ms
	BeginReloadAssembly (159ms)
		ExecutionOrderSort (0ms)
		DisableScriptedObjects (0ms)
		BackupInstance (0ms)
		ReleaseScriptingObjects (0ms)
		CreateAndSetChildDomain (1ms)
	RebuildCommonClasses (36ms)
	RebuildNativeTypeToScriptingClass (10ms)
	initialDomainReloadingComplete (79ms)
	LoadAllAssembliesAndSetupDomain (156ms)
		LoadAssemblies (154ms)
		RebuildTransferFunctionScriptingTraits (0ms)
		AnalyzeDomain (153ms)
			TypeCache.Refresh (151ms)
				TypeCache.ScanAssembly (136ms)
			ScanForSourceGeneratedMonoScriptInfo (0ms)
			ResolveRequiredComponents (1ms)
	FinalizeReload (330ms)
		ReleaseScriptCaches (0ms)
		RebuildScriptCaches (0ms)
		SetupLoadedEditorAssemblies (244ms)
			LogAssemblyErrors (0ms)
			InitializePlatformSupportModulesInManaged (12ms)
			SetLoadedEditorAssemblies (9ms)
			RefreshPlugins (0ms)
			BeforeProcessingInitializeOnLoad (3ms)
			ProcessInitializeOnLoadAttributes (154ms)
			ProcessInitializeOnLoadMethodAttributes (66ms)
			AfterProcessingInitializeOnLoad (0ms)
			EditorAssembliesLoaded (0ms)
		ExecutionOrderSort2 (0ms)
		AwakeInstancesAfterBackupRestoration (0ms)
========================================================================
Worker process is ready to serve import requests
Begin MonoManager ReloadAssembly
Symbol file LoadedFromMemory is not a mono symbol file
- Loaded All Assemblies, in  0.872 seconds
Refreshing native plugins compatible for Editor in 11.11 ms, found 4 plugins.
Native extension for WindowsStandalone target not found
Native extension for WebGL target not found
Package Manager log level set to [2]
[Package Manager] Server::EnsureServerProcessIsRunning -- launch failed, reason: Unity was launched with the -noUpm command-line argument
[Package Manager] UpmClient::Send -- Unable to send message (not connected to UPM process).
[Package Manager] Cannot connect to Unity Package Manager local server
Mono: successfully reloaded assembly
- Finished resetting the current domain, in  0.898 seconds
Domain Reload Profiling: 1757ms
	BeginReloadAssembly (167ms)
		ExecutionOrderSort (0ms)
		DisableScriptedObjects (5ms)
		BackupInstance (0ms)
		ReleaseScriptingObjects (0ms)
		CreateAndSetChildDomain (20ms)
	RebuildCommonClasses (30ms)
	RebuildNativeTypeToScriptingClass (9ms)
	initialDomainReloadingComplete (51ms)
	LoadAllAssembliesAndSetupDomain (602ms)
		LoadAssemblies (472ms)
		RebuildTransferFunctionScriptingTraits (0ms)
		AnalyzeDomain (234ms)
			TypeCache.Refresh (185ms)
				TypeCache.ScanAssembly (163ms)
			ScanForSourceGeneratedMonoScriptInfo (37ms)
			ResolveRequiredComponents (11ms)
	FinalizeReload (899ms)
		ReleaseScriptCaches (0ms)
		RebuildScriptCaches (0ms)
		SetupLoadedEditorAssemblies (721ms)
			LogAssemblyErrors (0ms)
			InitializePlatformSupportModulesInManaged (8ms)
			SetLoadedEditorAssemblies (7ms)
			RefreshPlugins (0ms)
			BeforeProcessingInitializeOnLoad (156ms)
			ProcessInitializeOnLoadAttributes (455ms)
			ProcessInitializeOnLoadMethodAttributes (83ms)
			AfterProcessingInitializeOnLoad (12ms)
			EditorAssembliesLoaded (0ms)
		ExecutionOrderSort2 (0ms)
		AwakeInstancesAfterBackupRestoration (6ms)
Launched and connected shader compiler UnityShaderCompiler.exe after 0.07 seconds
Refreshing native plugins compatible for Editor in 18.37 ms, found 4 plugins.
Preloading 0 native plugins for Editor in 0.00 ms.
Unloading 5794 Unused Serialized files (Serialized files now loaded: 0)
Unloading 102 unused Assets / (0.9 MB). Loaded Objects now: 6243.
Memory consumption went from 232.8 MB to 231.9 MB.
Total: 4.808900 ms (FindLiveObjects: 0.319400 ms CreateObjectMapping: 0.245300 ms MarkObjects: 3.733700 ms  DeleteObjects: 0.509100 ms)

AssetImportParameters requested are different than current active one (requested -> active):
  custom:container-demuxer-ogg: 62fdf1f143b41e24485cea50d1cbac27 -> 
  custom:video-codec-MediaFoundation-h265: 746d11721c4dcdbdad8f713fa42b33f4 -> 
  custom:video-decoder-ogg-theora: a1e56fd34408186e4bbccfd4996cb3dc -> 
  custom:framework-win-MediaFoundation: 216162199b28c13a410421893ffa2e32 -> 
  custom:CustomObjectIndexerAttribute: 4d1d7186bcbbfe361de5f0ad951e585c -> 
  custom:container-demuxer-webm: 4f35f7cbe854078d1ac9338744f61a02 -> 
  custom:container-muxer-webm: aa71ff27fc2769a1b78a27578f13a17b -> 
  custom:video-decoder-webm-vp8: 9c59270c3fd7afecdb556c50c9e8de78 -> 
  custom:SearchIndexIgnoredProperties: e643bd26f0fe6173181afceb89e7c659 -> 
  custom:AudioImporter_EditorPlatform: d09bf68614088b80899f8185d706f6e7 -> 
  custom:video-encoder-webm-vp8: eb34c28f22e8b96e1ab97ce403110664 -> 
  custom:audio-decoder-ogg-vorbis: bf7c407c2cedff20999df2af8eb42d56 -> 
  custom:audio-encoder-webm-vorbis: bf7c407c2cedff20999df2af8eb42d56 -> 
========================================================================
Received Prepare
Begin MonoManager ReloadAssembly
Symbol file LoadedFromMemory is not a mono symbol file
- Loaded All Assemblies, in  0.673 seconds
Refreshing native plugins compatible for Editor in 12.24 ms, found 4 plugins.
Native extension for WindowsStandalone target not found
Native extension for WebGL target not found
[Package Manager] Server::EnsureServerProcessIsRunning -- launch failed, reason: Unity was launched with the -noUpm command-line argument
[Package Manager] UpmClient::Send -- Unable to send message (not connected to UPM process).
[Package Manager] Cannot connect to Unity Package Manager local server
Mono: successfully reloaded assembly
- Finished resetting the current domain, in  2.001 seconds
Domain Reload Profiling: 2664ms
	BeginReloadAssembly (207ms)
		ExecutionOrderSort (0ms)
		DisableScriptedObjects (11ms)
		BackupInstance (0ms)
		ReleaseScriptingObjects (0ms)
		CreateAndSetChildDomain (42ms)
	RebuildCommonClasses (36ms)
	RebuildNativeTypeToScriptingClass (12ms)
	initialDomainReloadingComplete (47ms)
	LoadAllAssembliesAndSetupDomain (360ms)
		LoadAssemblies (448ms)
		RebuildTransferFunctionScriptingTraits (0ms)
		AnalyzeDomain (27ms)
			TypeCache.Refresh (8ms)
				TypeCache.ScanAssembly (0ms)
			ScanForSourceGeneratedMonoScriptInfo (0ms)
			ResolveRequiredComponents (17ms)
	FinalizeReload (2002ms)
		ReleaseScriptCaches (0ms)
		RebuildScriptCaches (0ms)
		SetupLoadedEditorAssemblies (695ms)
			LogAssemblyErrors (0ms)
			InitializePlatformSupportModulesInManaged (7ms)
			SetLoadedEditorAssemblies (7ms)
			RefreshPlugins (0ms)
			BeforeProcessingInitializeOnLoad (155ms)
			ProcessInitializeOnLoadAttributes (407ms)
			ProcessInitializeOnLoadMethodAttributes (100ms)
			AfterProcessingInitializeOnLoad (18ms)
			EditorAssembliesLoaded (0ms)
		ExecutionOrderSort2 (0ms)
		AwakeInstancesAfterBackupRestoration (20ms)
Refreshing native plugins compatible for Editor in 17.02 ms, found 4 plugins.
Preloading 0 native plugins for Editor in 0.00 ms.
Unloading 5642 Unused Serialized files (Serialized files now loaded: 0)
Unloading 65 unused Assets / (0.9 MB). Loaded Objects now: 6249.
Memory consumption went from 208.8 MB to 207.9 MB.
Total: 5.085000 ms (FindLiveObjects: 0.451200 ms CreateObjectMapping: 0.375200 ms MarkObjects: 3.729300 ms  DeleteObjects: 0.528100 ms)

Prepare: number of updated asset objects reloaded= 0
AssetImportParameters requested are different than current active one (requested -> active):
  custom:container-demuxer-ogg: 62fdf1f143b41e24485cea50d1cbac27 -> 
  custom:video-codec-MediaFoundation-h265: 746d11721c4dcdbdad8f713fa42b33f4 -> 
  custom:video-decoder-ogg-theora: a1e56fd34408186e4bbccfd4996cb3dc -> 
  custom:framework-win-MediaFoundation: 216162199b28c13a410421893ffa2e32 -> 
  custom:CustomObjectIndexerAttribute: 4d1d7186bcbbfe361de5f0ad951e585c -> 
  custom:container-demuxer-webm: 4f35f7cbe854078d1ac9338744f61a02 -> 
  custom:container-muxer-webm: aa71ff27fc2769a1b78a27578f13a17b -> 
  custom:video-decoder-webm-vp8: 9c59270c3fd7afecdb556c50c9e8de78 -> 
  custom:SearchIndexIgnoredProperties: e643bd26f0fe6173181afceb89e7c659 -> 
  custom:AudioImporter_EditorPlatform: d09bf68614088b80899f8185d706f6e7 -> 
  custom:video-encoder-webm-vp8: eb34c28f22e8b96e1ab97ce403110664 -> 
  custom:audio-decoder-ogg-vorbis: bf7c407c2cedff20999df2af8eb42d56 -> 
  custom:audio-encoder-webm-vorbis: bf7c407c2cedff20999df2af8eb42d56 -> 
========================================================================
Received Import Request.
  Time since last request: 15006.096568 seconds.
  path: Assets/Resources/Prefab/Building/House_Red.prefab
  artifactKey: Guid(a71c81f164d047841ac2933dea915aa9) Importer(815301076,1909f56bfc062723c751e8b465ee728b)
Start importing Assets/Resources/Prefab/Building/House_Red.prefab using Guid(a71c81f164d047841ac2933dea915aa9) Importer(815301076,1909f56bfc062723c751e8b465ee728b)  -> (artifact id: '7bb9bc3d2c1476bc95e4e37c5f03549d') in 0.318942 seconds
Number of updated asset objects reloaded before import = 0
Number of asset objects unloaded after import = 73
========================================================================
Received Import Request.
  Time since last request: 44.182921 seconds.
  path: Assets/Resources/Prefab/Building/House_Red.prefab
  artifactKey: Guid(a71c81f164d047841ac2933dea915aa9) Importer(815301076,1909f56bfc062723c751e8b465ee728b)
Start importing Assets/Resources/Prefab/Building/House_Red.prefab using Guid(a71c81f164d047841ac2933dea915aa9) Importer(815301076,1909f56bfc062723c751e8b465ee728b) Sprite People matches more than one built-in atlases. Default to use the first available atlas.
Sprite CamBorder matches more than one built-in atlases. Default to use the first available atlas.
 -> (artifact id: '94a9e65601355da285cd272591ae3e2d') in 0.936767 seconds
Number of updated asset objects reloaded before import = 0
Number of asset objects unloaded after import = 2491
========================================================================
Received Import Request.
  Time since last request: 96.647403 seconds.
  path: Assets/Resources/Prefab/Building/Castle_Red.prefab
  artifactKey: Guid(1cd7b37e582a96a45bf13b64a703ca9c) Importer(815301076,1909f56bfc062723c751e8b465ee728b)
Start importing Assets/Resources/Prefab/Building/Castle_Red.prefab using Guid(1cd7b37e582a96a45bf13b64a703ca9c) Importer(815301076,1909f56bfc062723c751e8b465ee728b)  -> (artifact id: 'a937686e0880bb562cff492fb3293d64') in 0.001924 seconds
Number of updated asset objects reloaded before import = 0
Number of asset objects unloaded after import = 0
========================================================================
Received Import Request.
  Time since last request: 70.700424 seconds.
  path: Assets/Resources/Prefab/Building/Castle_Red.prefab
  artifactKey: Guid(1cd7b37e582a96a45bf13b64a703ca9c) Importer(815301076,1909f56bfc062723c751e8b465ee728b)
Start importing Assets/Resources/Prefab/Building/Castle_Red.prefab using Guid(1cd7b37e582a96a45bf13b64a703ca9c) Importer(815301076,1909f56bfc062723c751e8b465ee728b)  -> (artifact id: 'a937686e0880bb562cff492fb3293d64') in 0.001051 seconds
Number of updated asset objects reloaded before import = 0
Number of asset objects unloaded after import = 0
========================================================================
Received Import Request.
  Time since last request: 2.209671 seconds.
  path: Assets/Resources/Prefab/Building/Castle_Blue.prefab
  artifactKey: Guid(f81e26d60a2cdfa4b9a7ff9121010b4c) Importer(815301076,1909f56bfc062723c751e8b465ee728b)
Start importing Assets/Resources/Prefab/Building/Castle_Blue.prefab using Guid(f81e26d60a2cdfa4b9a7ff9121010b4c) Importer(815301076,1909f56bfc062723c751e8b465ee728b)  -> (artifact id: '9dfca0c672783fe268c1eaa1b904391d') in 0.000917 seconds
Number of updated asset objects reloaded before import = 0
Number of asset objects unloaded after import = 0
========================================================================
Received Import Request.
  Time since last request: 0.000053 seconds.
  path: Assets/Resources/Prefab/Building/Castle_Red.prefab
  artifactKey: Guid(1cd7b37e582a96a45bf13b64a703ca9c) Importer(815301076,1909f56bfc062723c751e8b465ee728b)
Start importing Assets/Resources/Prefab/Building/Castle_Red.prefab using Guid(1cd7b37e582a96a45bf13b64a703ca9c) Importer(815301076,1909f56bfc062723c751e8b465ee728b)  -> (artifact id: 'a937686e0880bb562cff492fb3293d64') in 0.000805 seconds
Number of updated asset objects reloaded before import = 0
Number of asset objects unloaded after import = 0
========================================================================
Received Import Request.
  Time since last request: 18.127093 seconds.
  path: Assets/Resources/Prefab/Building/Castle_Blue.prefab
  artifactKey: Guid(f81e26d60a2cdfa4b9a7ff9121010b4c) Importer(815301076,1909f56bfc062723c751e8b465ee728b)
Start importing Assets/Resources/Prefab/Building/Castle_Blue.prefab using Guid(f81e26d60a2cdfa4b9a7ff9121010b4c) Importer(815301076,1909f56bfc062723c751e8b465ee728b)  -> (artifact id: '9dfca0c672783fe268c1eaa1b904391d') in 0.000783 seconds
Number of updated asset objects reloaded before import = 0
Number of asset objects unloaded after import = 0
========================================================================
Received Import Request.
  Time since last request: 0.000069 seconds.
  path: Assets/Resources/Prefab/Building/Castle_Red.prefab
  artifactKey: Guid(1cd7b37e582a96a45bf13b64a703ca9c) Importer(815301076,1909f56bfc062723c751e8b465ee728b)
Start importing Assets/Resources/Prefab/Building/Castle_Red.prefab using Guid(1cd7b37e582a96a45bf13b64a703ca9c) Importer(815301076,1909f56bfc062723c751e8b465ee728b)  -> (artifact id: 'a937686e0880bb562cff492fb3293d64') in 0.000622 seconds
Number of updated asset objects reloaded before import = 0
Number of asset objects unloaded after import = 0
========================================================================
Received Import Request.
  Time since last request: 12.252846 seconds.
  path: Assets/Resources/Prefab/Building/Castle_Red.prefab
  artifactKey: Guid(1cd7b37e582a96a45bf13b64a703ca9c) Importer(815301076,1909f56bfc062723c751e8b465ee728b)
Start importing Assets/Resources/Prefab/Building/Castle_Red.prefab using Guid(1cd7b37e582a96a45bf13b64a703ca9c) Importer(815301076,1909f56bfc062723c751e8b465ee728b)  -> (artifact id: 'a937686e0880bb562cff492fb3293d64') in 0.000841 seconds
Number of updated asset objects reloaded before import = 0
Number of asset objects unloaded after import = 0
========================================================================
Received Import Request.
  Time since last request: 0.000190 seconds.
  path: Assets/Resources/Prefab/Building/Exchange_Red.prefab
  artifactKey: Guid(f832ddcdddeb863419af2980890c8420) Importer(815301076,1909f56bfc062723c751e8b465ee728b)
Start importing Assets/Resources/Prefab/Building/Exchange_Red.prefab using Guid(f832ddcdddeb863419af2980890c8420) Importer(815301076,1909f56bfc062723c751e8b465ee728b) Sprite People matches more than one built-in atlases. Default to use the first available atlas.
Sprite CamBorder matches more than one built-in atlases. Default to use the first available atlas.
 -> (artifact id: '6807aca3a09c4f51d175801c980c71e2') in 0.711155 seconds
Number of updated asset objects reloaded before import = 0
Number of asset objects unloaded after import = 2488
========================================================================
Received Import Request.
  Time since last request: 0.564272 seconds.
  path: Assets/Resources/Prefab/Building/Castle_Red.prefab
  artifactKey: Guid(1cd7b37e582a96a45bf13b64a703ca9c) Importer(815301076,1909f56bfc062723c751e8b465ee728b)
Start importing Assets/Resources/Prefab/Building/Castle_Red.prefab using Guid(1cd7b37e582a96a45bf13b64a703ca9c) Importer(815301076,1909f56bfc062723c751e8b465ee728b)  -> (artifact id: 'a937686e0880bb562cff492fb3293d64') in 0.001145 seconds
Number of updated asset objects reloaded before import = 0
Number of asset objects unloaded after import = 0
========================================================================
Received Import Request.
  Time since last request: 144.483317 seconds.
  path: Assets/Resources/Prefab/Building/Castle_Red.prefab
  artifactKey: Guid(1cd7b37e582a96a45bf13b64a703ca9c) Importer(815301076,1909f56bfc062723c751e8b465ee728b)
Start importing Assets/Resources/Prefab/Building/Castle_Red.prefab using Guid(1cd7b37e582a96a45bf13b64a703ca9c) Importer(815301076,1909f56bfc062723c751e8b465ee728b)  -> (artifact id: 'a937686e0880bb562cff492fb3293d64') in 0.000932 seconds
Number of updated asset objects reloaded before import = 0
Number of asset objects unloaded after import = 0
========================================================================
Received Import Request.
  Time since last request: 55.361419 seconds.
  path: Assets/Resources/Prefab/Building/Castle_Red.prefab
  artifactKey: Guid(1cd7b37e582a96a45bf13b64a703ca9c) Importer(815301076,1909f56bfc062723c751e8b465ee728b)
Start importing Assets/Resources/Prefab/Building/Castle_Red.prefab using Guid(1cd7b37e582a96a45bf13b64a703ca9c) Importer(815301076,1909f56bfc062723c751e8b465ee728b)  -> (artifact id: 'a937686e0880bb562cff492fb3293d64') in 0.000930 seconds
Number of updated asset objects reloaded before import = 0
Number of asset objects unloaded after import = 0
========================================================================
Received Import Request.
  Time since last request: 0.000184 seconds.
  path: Assets/Resources/Prefab/Building/Exchange_Red.prefab
  artifactKey: Guid(f832ddcdddeb863419af2980890c8420) Importer(815301076,1909f56bfc062723c751e8b465ee728b)
Start importing Assets/Resources/Prefab/Building/Exchange_Red.prefab using Guid(f832ddcdddeb863419af2980890c8420) Importer(815301076,1909f56bfc062723c751e8b465ee728b) Sprite People matches more than one built-in atlases. Default to use the first available atlas.
Sprite CamBorder matches more than one built-in atlases. Default to use the first available atlas.
 -> (artifact id: '89fb8a03c960f5802e39d8fec69b0098') in 0.677646 seconds
Number of updated asset objects reloaded before import = 0
Number of asset objects unloaded after import = 2489
========================================================================
Received Prepare
Begin MonoManager ReloadAssembly
Symbol file LoadedFromMemory is not a mono symbol file
- Loaded All Assemblies, in  0.658 seconds
Refreshing native plugins compatible for Editor in 10.27 ms, found 4 plugins.
Native extension for WindowsStandalone target not found
Native extension for WebGL target not found
[Package Manager] Server::EnsureServerProcessIsRunning -- launch failed, reason: Unity was launched with the -noUpm command-line argument
[Package Manager] UpmClient::Send -- Unable to send message (not connected to UPM process).
[Package Manager] Cannot connect to Unity Package Manager local server
Mono: successfully reloaded assembly
- Finished resetting the current domain, in  2.813 seconds
Domain Reload Profiling: 3463ms
	BeginReloadAssembly (200ms)
		ExecutionOrderSort (0ms)
		DisableScriptedObjects (17ms)
		BackupInstance (0ms)
		ReleaseScriptingObjects (0ms)
		CreateAndSetChildDomain (50ms)
	RebuildCommonClasses (29ms)
	RebuildNativeTypeToScriptingClass (10ms)
	initialDomainReloadingComplete (42ms)
	LoadAllAssembliesAndSetupDomain (368ms)
		LoadAssemblies (440ms)
		RebuildTransferFunctionScriptingTraits (0ms)
		AnalyzeDomain (19ms)
			TypeCache.Refresh (6ms)
				TypeCache.ScanAssembly (0ms)
			ScanForSourceGeneratedMonoScriptInfo (0ms)
			ResolveRequiredComponents (12ms)
	FinalizeReload (2814ms)
		ReleaseScriptCaches (0ms)
		RebuildScriptCaches (0ms)
		SetupLoadedEditorAssemblies (744ms)
			LogAssemblyErrors (0ms)
			InitializePlatformSupportModulesInManaged (9ms)
			SetLoadedEditorAssemblies (9ms)
			RefreshPlugins (0ms)
			BeforeProcessingInitializeOnLoad (176ms)
			ProcessInitializeOnLoadAttributes (455ms)
			ProcessInitializeOnLoadMethodAttributes (81ms)
			AfterProcessingInitializeOnLoad (14ms)
			EditorAssembliesLoaded (0ms)
		ExecutionOrderSort2 (0ms)
		AwakeInstancesAfterBackupRestoration (20ms)
Refreshing native plugins compatible for Editor in 18.02 ms, found 4 plugins.
Preloading 0 native plugins for Editor in 0.00 ms.
Unloading 5642 Unused Serialized files (Serialized files now loaded: 0)
Unloading 75 unused Assets / (0.9 MB). Loaded Objects now: 6302.
Memory consumption went from 344.3 MB to 343.4 MB.
Total: 4.000200 ms (FindLiveObjects: 0.340400 ms CreateObjectMapping: 0.226900 ms MarkObjects: 3.007000 ms  DeleteObjects: 0.424500 ms)

Prepare: number of updated asset objects reloaded= 0
AssetImportParameters requested are different than current active one (requested -> active):
  custom:container-demuxer-ogg: 62fdf1f143b41e24485cea50d1cbac27 -> 
  custom:video-codec-MediaFoundation-h265: 746d11721c4dcdbdad8f713fa42b33f4 -> 
  custom:video-decoder-ogg-theora: a1e56fd34408186e4bbccfd4996cb3dc -> 
  custom:framework-win-MediaFoundation: 216162199b28c13a410421893ffa2e32 -> 
  custom:CustomObjectIndexerAttribute: 4d1d7186bcbbfe361de5f0ad951e585c -> 
  custom:container-demuxer-webm: 4f35f7cbe854078d1ac9338744f61a02 -> 
  custom:container-muxer-webm: aa71ff27fc2769a1b78a27578f13a17b -> 
  custom:video-decoder-webm-vp8: 9c59270c3fd7afecdb556c50c9e8de78 -> 
  custom:SearchIndexIgnoredProperties: e643bd26f0fe6173181afceb89e7c659 -> 
  custom:AudioImporter_EditorPlatform: d09bf68614088b80899f8185d706f6e7 -> 
  custom:video-encoder-webm-vp8: eb34c28f22e8b96e1ab97ce403110664 -> 
  custom:audio-decoder-ogg-vorbis: bf7c407c2cedff20999df2af8eb42d56 -> 
  custom:audio-encoder-webm-vorbis: bf7c407c2cedff20999df2af8eb42d56 -> 
========================================================================
Received Import Request.
  Time since last request: 355.606181 seconds.
  path: Assets/Resources/Prefab/Building/ArcherTower_Red.prefab
  artifactKey: Guid(b384688f930ea0b4ea6a131e264d98e8) Importer(815301076,1909f56bfc062723c751e8b465ee728b)
Start importing Assets/Resources/Prefab/Building/ArcherTower_Red.prefab using Guid(b384688f930ea0b4ea6a131e264d98e8) Importer(815301076,1909f56bfc062723c751e8b465ee728b)  -> (artifact id: '61d39039602e940a7c4a5aefe27ae8ee') in 0.308331 seconds
Number of updated asset objects reloaded before import = 0
Number of asset objects unloaded after import = 123
========================================================================
Received Import Request.
  Time since last request: 0.000024 seconds.
  path: Assets/Resources/Prefab/Building/Barrack_Blue.prefab
  artifactKey: Guid(18be38ed20be89c42b93836f1711c7d5) Importer(815301076,1909f56bfc062723c751e8b465ee728b)
Start importing Assets/Resources/Prefab/Building/Barrack_Blue.prefab using Guid(18be38ed20be89c42b93836f1711c7d5) Importer(815301076,1909f56bfc062723c751e8b465ee728b) Sprite People matches more than one built-in atlases. Default to use the first available atlas.
Sprite CamBorder matches more than one built-in atlases. Default to use the first available atlas.
 -> (artifact id: '2c5027917ae56c9f1759ea729f0c7cab') in 0.627552 seconds
Number of updated asset objects reloaded before import = 0
Number of asset objects unloaded after import = 2685
========================================================================
Received Import Request.
  Time since last request: 0.000047 seconds.
  path: Assets/Resources/Prefab/Building/Archery_Blue.prefab
  artifactKey: Guid(cf2aaaba5eb11ee4e9f833376e6d04cc) Importer(815301076,1909f56bfc062723c751e8b465ee728b)
Start importing Assets/Resources/Prefab/Building/Archery_Blue.prefab using Guid(cf2aaaba5eb11ee4e9f833376e6d04cc) Importer(815301076,1909f56bfc062723c751e8b465ee728b) Sprite People matches more than one built-in atlases. Default to use the first available atlas.
Sprite CamBorder matches more than one built-in atlases. Default to use the first available atlas.
 -> (artifact id: '29ec327dd96659bd6226868d36555efd') in 0.421201 seconds
Number of updated asset objects reloaded before import = 0
Number of asset objects unloaded after import = 2469
========================================================================
Received Import Request.
  Time since last request: 0.000040 seconds.
  path: Assets/Resources/Prefab/Building/Castle_Red.prefab
  artifactKey: Guid(1cd7b37e582a96a45bf13b64a703ca9c) Importer(815301076,1909f56bfc062723c751e8b465ee728b)
Start importing Assets/Resources/Prefab/Building/Castle_Red.prefab using Guid(1cd7b37e582a96a45bf13b64a703ca9c) Importer(815301076,1909f56bfc062723c751e8b465ee728b) Sprite People matches more than one built-in atlases. Default to use the first available atlas.
Sprite CamBorder matches more than one built-in atlases. Default to use the first available atlas.
 -> (artifact id: '5dd9548f4a7bc616ee213a3f059d0eaa') in 0.582457 seconds
Number of updated asset objects reloaded before import = 0
Number of asset objects unloaded after import = 3171
========================================================================
Received Import Request.
  Time since last request: 0.000052 seconds.
  path: Assets/Resources/Prefab/Building/Exchange_Red.prefab
  artifactKey: Guid(f832ddcdddeb863419af2980890c8420) Importer(815301076,1909f56bfc062723c751e8b465ee728b)
Start importing Assets/Resources/Prefab/Building/Exchange_Red.prefab using Guid(f832ddcdddeb863419af2980890c8420) Importer(815301076,1909f56bfc062723c751e8b465ee728b) Sprite People matches more than one built-in atlases. Default to use the first available atlas.
Sprite CamBorder matches more than one built-in atlases. Default to use the first available atlas.
 -> (artifact id: '5ad5a030160add85c78ec5e3bc00c640') in 0.445831 seconds
Number of updated asset objects reloaded before import = 0
Number of asset objects unloaded after import = 2490
========================================================================
Received Import Request.
  Time since last request: 0.000036 seconds.
  path: Assets/Resources/Prefab/Building/Exchange_Blue.prefab
  artifactKey: Guid(13f5eee1ebb4c774890372109865dab4) Importer(815301076,1909f56bfc062723c751e8b465ee728b)
Start importing Assets/Resources/Prefab/Building/Exchange_Blue.prefab using Guid(13f5eee1ebb4c774890372109865dab4) Importer(815301076,1909f56bfc062723c751e8b465ee728b) Sprite People matches more than one built-in atlases. Default to use the first available atlas.
Sprite CamBorder matches more than one built-in atlases. Default to use the first available atlas.
 -> (artifact id: '7cffee0231cd79310544f0107768298e') in 0.490571 seconds
Number of updated asset objects reloaded before import = 0
Number of asset objects unloaded after import = 2469
Editor requested this worker to shutdown with reason: Scaling down because of idle timeout
TcpMessagingSession - receive error: operation aborted. errorcode: 995, details: ÓÉÓÚĎßłĚÍËłö»ňÓ¦ÓĂłĚĐňÇëÇóŁ¬ŇŃÖĐÖą I/O ˛Ů×÷ˇŁ
AssetImportWorker is now disconnected from the server
Process exiting
Exiting without the bug reporter. Application will terminate with return code 0