Using pre-set license
Built from '2022.3/china_unity/release' branch; Version is '2022.3.15f1c1 (18739dc7bca8) revision 1602461'; Using compiler version '192829333'; Build Type 'Release'
OS: 'Windows 11  (10.0.22631) 64bit CoreCountrySpecific' Language: 'zh' Physical Memory: 14029 MB
BatchMode: 1, IsHumanControllingUs: 0, StartBugReporterOnCrash: 0, Is64bit: 1, IsPro: 1

COMMAND LINE ARGUMENTS:
D:\apps\unity\2022.3.15f1c1\Editor\Unity.exe
-adb2
-batchMode
-noUpm
-name
AssetImportWorker3
-projectPath
D:/unity/xiangmu/ProjectRTS/ProjectRTS
-logFile
Logs/AssetImportWorker3.log
-srvPort
52092
Successfully changed project path to: D:/unity/xiangmu/ProjectRTS/ProjectRTS
D:/unity/xiangmu/ProjectRTS/ProjectRTS
[UnityMemory] Configuration Parameters - Can be set up in boot.config
    "memorysetup-bucket-allocator-granularity=16"
    "memorysetup-bucket-allocator-bucket-count=8"
    "memorysetup-bucket-allocator-block-size=33554432"
    "memorysetup-bucket-allocator-block-count=8"
    "memorysetup-main-allocator-block-size=16777216"
    "memorysetup-thread-allocator-block-size=16777216"
    "memorysetup-gfx-main-allocator-block-size=16777216"
    "memorysetup-gfx-thread-allocator-block-size=16777216"
    "memorysetup-cache-allocator-block-size=4194304"
    "memorysetup-typetree-allocator-block-size=2097152"
    "memorysetup-profiler-bucket-allocator-granularity=16"
    "memorysetup-profiler-bucket-allocator-bucket-count=8"
    "memorysetup-profiler-bucket-allocator-block-size=33554432"
    "memorysetup-profiler-bucket-allocator-block-count=8"
    "memorysetup-profiler-allocator-block-size=16777216"
    "memorysetup-profiler-editor-allocator-block-size=1048576"
    "memorysetup-temp-allocator-size-main=16777216"
    "memorysetup-job-temp-allocator-block-size=2097152"
    "memorysetup-job-temp-allocator-block-size-background=1048576"
    "memorysetup-job-temp-allocator-reduction-small-platforms=262144"
    "memorysetup-allocator-temp-initial-block-size-main=262144"
    "memorysetup-allocator-temp-initial-block-size-worker=262144"
    "memorysetup-temp-allocator-size-background-worker=32768"
    "memorysetup-temp-allocator-size-job-worker=262144"
    "memorysetup-temp-allocator-size-preload-manager=33554432"
    "memorysetup-temp-allocator-size-nav-mesh-worker=65536"
    "memorysetup-temp-allocator-size-audio-worker=65536"
    "memorysetup-temp-allocator-size-cloud-worker=32768"
    "memorysetup-temp-allocator-size-gi-baking-worker=262144"
    "memorysetup-temp-allocator-size-gfx=262144"
Player connection [34600] Host "[IP] 192.168.42.1 [Port] 0 [Flags] 2 [Guid] 1094826625 [EditorId] 1094826625 [Version] 1048832 [Id] WindowsEditor(7,LAPTOP-CMHVBGDE) [Debug] 1 [PackageName] WindowsEditor [ProjectName] Editor" joined multi-casting on [225.0.0.222:54997]...

Player connection [34600] Host "[IP] 192.168.42.1 [Port] 0 [Flags] 2 [Guid] 1094826625 [EditorId] 1094826625 [Version] 1048832 [Id] WindowsEditor(7,LAPTOP-CMHVBGDE) [Debug] 1 [PackageName] WindowsEditor [ProjectName] Editor" joined alternative multi-casting on [225.0.0.222:34997]...

[Physics::Module] Initialized MultithreadedJobDispatcher with 19 workers.
Refreshing native plugins compatible for Editor in 63.06 ms, found 4 plugins.
Preloading 0 native plugins for Editor in 0.00 ms.
Initialize engine version: 2022.3.15f1c1 (18739dc7bca8)
[Subsystems] Discovering subsystems at path D:/apps/unity/2022.3.15f1c1/Editor/Data/Resources/UnitySubsystems
[Subsystems] Discovering subsystems at path D:/unity/xiangmu/ProjectRTS/ProjectRTS/Assets
GfxDevice: creating device client; threaded=0; jobified=0
Direct3D:
    Version:  Direct3D 11.0 [level 11.1]
    Renderer: NVIDIA GeForce RTX 4060 Laptop GPU (ID=0x28e0)
    Vendor:   NVIDIA
    VRAM:     7957 MB
    Driver:   32.0.15.7649
Initialize mono
Mono path[0] = 'D:/apps/unity/2022.3.15f1c1/Editor/Data/Managed'
Mono path[1] = 'D:/apps/unity/2022.3.15f1c1/Editor/Data/MonoBleedingEdge/lib/mono/unityjit-win32'
Mono config path = 'D:/apps/unity/2022.3.15f1c1/Editor/Data/MonoBleedingEdge/etc'
Using monoOptions --debugger-agent=transport=dt_socket,embedding=1,server=y,suspend=n,address=127.0.0.1:56012
Begin MonoManager ReloadAssembly
Registering precompiled unity dll's ...
Register platform support module: D:/apps/unity/2022.3.15f1c1/Editor/Data/PlaybackEngines/WebGLSupport/UnityEditor.WebGL.Extensions.dll
Register platform support module: D:/apps/unity/2022.3.15f1c1/Editor/Data/PlaybackEngines/WindowsStandaloneSupport/UnityEditor.WindowsStandalone.Extensions.dll
Registered in 0.023879 seconds.
- Loaded All Assemblies, in  1.833 seconds
Native extension for WindowsStandalone target not found
Native extension for WebGL target not found
Mono: successfully reloaded assembly
- Finished resetting the current domain, in  0.302 seconds
Domain Reload Profiling: 2127ms
	BeginReloadAssembly (160ms)
		ExecutionOrderSort (0ms)
		DisableScriptedObjects (0ms)
		BackupInstance (0ms)
		ReleaseScriptingObjects (0ms)
		CreateAndSetChildDomain (1ms)
	RebuildCommonClasses (592ms)
	RebuildNativeTypeToScriptingClass (9ms)
	initialDomainReloadingComplete (85ms)
	LoadAllAssembliesAndSetupDomain (979ms)
		LoadAssemblies (154ms)
		RebuildTransferFunctionScriptingTraits (0ms)
		AnalyzeDomain (976ms)
			TypeCache.Refresh (975ms)
				TypeCache.ScanAssembly (963ms)
			ScanForSourceGeneratedMonoScriptInfo (0ms)
			ResolveRequiredComponents (0ms)
	FinalizeReload (303ms)
		ReleaseScriptCaches (0ms)
		RebuildScriptCaches (0ms)
		SetupLoadedEditorAssemblies (245ms)
			LogAssemblyErrors (0ms)
			InitializePlatformSupportModulesInManaged (9ms)
			SetLoadedEditorAssemblies (6ms)
			RefreshPlugins (0ms)
			BeforeProcessingInitializeOnLoad (2ms)
			ProcessInitializeOnLoadAttributes (158ms)
			ProcessInitializeOnLoadMethodAttributes (68ms)
			AfterProcessingInitializeOnLoad (0ms)
			EditorAssembliesLoaded (0ms)
		ExecutionOrderSort2 (0ms)
		AwakeInstancesAfterBackupRestoration (0ms)
========================================================================
Worker process is ready to serve import requests
Begin MonoManager ReloadAssembly
Symbol file LoadedFromMemory is not a mono symbol file
- Loaded All Assemblies, in  1.206 seconds
Refreshing native plugins compatible for Editor in 18.18 ms, found 4 plugins.
Native extension for WindowsStandalone target not found
Native extension for WebGL target not found
Package Manager log level set to [2]
[Package Manager] Server::EnsureServerProcessIsRunning -- launch failed, reason: Unity was launched with the -noUpm command-line argument
[Package Manager] UpmClient::Send -- Unable to send message (not connected to UPM process).
[Package Manager] Cannot connect to Unity Package Manager local server
Mono: successfully reloaded assembly
- Finished resetting the current domain, in  0.890 seconds
Domain Reload Profiling: 2082ms
	BeginReloadAssembly (202ms)
		ExecutionOrderSort (0ms)
		DisableScriptedObjects (6ms)
		BackupInstance (0ms)
		ReleaseScriptingObjects (0ms)
		CreateAndSetChildDomain (28ms)
	RebuildCommonClasses (38ms)
	RebuildNativeTypeToScriptingClass (10ms)
	initialDomainReloadingComplete (62ms)
	LoadAllAssembliesAndSetupDomain (879ms)
		LoadAssemblies (582ms)
		RebuildTransferFunctionScriptingTraits (0ms)
		AnalyzeDomain (411ms)
			TypeCache.Refresh (360ms)
				TypeCache.ScanAssembly (160ms)
			ScanForSourceGeneratedMonoScriptInfo (37ms)
			ResolveRequiredComponents (12ms)
	FinalizeReload (891ms)
		ReleaseScriptCaches (0ms)
		RebuildScriptCaches (0ms)
		SetupLoadedEditorAssemblies (701ms)
			LogAssemblyErrors (0ms)
			InitializePlatformSupportModulesInManaged (7ms)
			SetLoadedEditorAssemblies (7ms)
			RefreshPlugins (0ms)
			BeforeProcessingInitializeOnLoad (151ms)
			ProcessInitializeOnLoadAttributes (430ms)
			ProcessInitializeOnLoadMethodAttributes (92ms)
			AfterProcessingInitializeOnLoad (14ms)
			EditorAssembliesLoaded (0ms)
		ExecutionOrderSort2 (0ms)
		AwakeInstancesAfterBackupRestoration (6ms)
Launched and connected shader compiler UnityShaderCompiler.exe after 0.13 seconds
Refreshing native plugins compatible for Editor in 18.83 ms, found 4 plugins.
Preloading 0 native plugins for Editor in 0.00 ms.
Unloading 5794 Unused Serialized files (Serialized files now loaded: 0)
Unloading 102 unused Assets / (0.9 MB). Loaded Objects now: 6243.
Memory consumption went from 232.8 MB to 231.9 MB.
Total: 5.118900 ms (FindLiveObjects: 0.488100 ms CreateObjectMapping: 0.372100 ms MarkObjects: 3.717100 ms  DeleteObjects: 0.539500 ms)

AssetImportParameters requested are different than current active one (requested -> active):
  custom:container-demuxer-ogg: 62fdf1f143b41e24485cea50d1cbac27 -> 
  custom:video-codec-MediaFoundation-h265: 746d11721c4dcdbdad8f713fa42b33f4 -> 
  custom:video-decoder-ogg-theora: a1e56fd34408186e4bbccfd4996cb3dc -> 
  custom:framework-win-MediaFoundation: 216162199b28c13a410421893ffa2e32 -> 
  custom:CustomObjectIndexerAttribute: 4d1d7186bcbbfe361de5f0ad951e585c -> 
  custom:container-demuxer-webm: 4f35f7cbe854078d1ac9338744f61a02 -> 
  custom:container-muxer-webm: aa71ff27fc2769a1b78a27578f13a17b -> 
  custom:video-decoder-webm-vp8: 9c59270c3fd7afecdb556c50c9e8de78 -> 
  custom:SearchIndexIgnoredProperties: e643bd26f0fe6173181afceb89e7c659 -> 
  custom:AudioImporter_EditorPlatform: d09bf68614088b80899f8185d706f6e7 -> 
  custom:video-encoder-webm-vp8: eb34c28f22e8b96e1ab97ce403110664 -> 
  custom:audio-decoder-ogg-vorbis: bf7c407c2cedff20999df2af8eb42d56 -> 
  custom:audio-encoder-webm-vorbis: bf7c407c2cedff20999df2af8eb42d56 -> 
========================================================================
Received Import Request.
  Time since last request: 14971.216164 seconds.
  path: Assets/Resources/Prefab/Building/Archery_Red.prefab
  artifactKey: Guid(dad97ad68be32aa4198036cb125f985a) Importer(815301076,1909f56bfc062723c751e8b465ee728b)
Start importing Assets/Resources/Prefab/Building/Archery_Red.prefab using Guid(dad97ad68be32aa4198036cb125f985a) Importer(815301076,1909f56bfc062723c751e8b465ee728b)  -> (artifact id: '7ac4dc0d42e092d8c79fc964f164cbc9') in 0.585255 seconds
Number of updated asset objects reloaded before import = 0
Number of asset objects unloaded after import = 56
========================================================================
Received Import Request.
  Time since last request: 0.000053 seconds.
  path: Assets/Resources/Prefab/Building/Tower_Blue.prefab
  artifactKey: Guid(4f06a2bdbb97e9a48a262102131065c9) Importer(815301076,1909f56bfc062723c751e8b465ee728b)
Start importing Assets/Resources/Prefab/Building/Tower_Blue.prefab using Guid(4f06a2bdbb97e9a48a262102131065c9) Importer(815301076,1909f56bfc062723c751e8b465ee728b) Sprite People matches more than one built-in atlases. Default to use the first available atlas.
Sprite CamBorder matches more than one built-in atlases. Default to use the first available atlas.
 -> (artifact id: '9678d207675b5cfa7b8a1d2765f30760') in 1.647481 seconds
Number of updated asset objects reloaded before import = 0
Number of asset objects unloaded after import = 2448
========================================================================
Received Import Request.
  Time since last request: 0.000063 seconds.
  path: Assets/Resources/Prefab/Building/Castle_Red.prefab
  artifactKey: Guid(1cd7b37e582a96a45bf13b64a703ca9c) Importer(815301076,1909f56bfc062723c751e8b465ee728b)
Start importing Assets/Resources/Prefab/Building/Castle_Red.prefab using Guid(1cd7b37e582a96a45bf13b64a703ca9c) Importer(815301076,1909f56bfc062723c751e8b465ee728b) Sprite People matches more than one built-in atlases. Default to use the first available atlas.
Sprite CamBorder matches more than one built-in atlases. Default to use the first available atlas.
 -> (artifact id: '2d1c8e2e2bd363687a637ee59a7b2f99') in 1.901595 seconds
Number of updated asset objects reloaded before import = 0
Number of asset objects unloaded after import = 3149
========================================================================
Received Prepare
Begin MonoManager ReloadAssembly
Symbol file LoadedFromMemory is not a mono symbol file
- Loaded All Assemblies, in  0.961 seconds
Refreshing native plugins compatible for Editor in 10.40 ms, found 4 plugins.
Native extension for WindowsStandalone target not found
Native extension for WebGL target not found
[Package Manager] Server::EnsureServerProcessIsRunning -- launch failed, reason: Unity was launched with the -noUpm command-line argument
[Package Manager] UpmClient::Send -- Unable to send message (not connected to UPM process).
[Package Manager] Cannot connect to Unity Package Manager local server
Mono: successfully reloaded assembly
- Finished resetting the current domain, in  2.518 seconds
Domain Reload Profiling: 3468ms
	BeginReloadAssembly (320ms)
		ExecutionOrderSort (0ms)
		DisableScriptedObjects (40ms)
		BackupInstance (0ms)
		ReleaseScriptingObjects (0ms)
		CreateAndSetChildDomain (123ms)
	RebuildCommonClasses (33ms)
	RebuildNativeTypeToScriptingClass (11ms)
	initialDomainReloadingComplete (43ms)
	LoadAllAssembliesAndSetupDomain (542ms)
		LoadAssemblies (585ms)
		RebuildTransferFunctionScriptingTraits (0ms)
		AnalyzeDomain (63ms)
			TypeCache.Refresh (16ms)
				TypeCache.ScanAssembly (2ms)
			ScanForSourceGeneratedMonoScriptInfo (33ms)
			ResolveRequiredComponents (13ms)
	FinalizeReload (2519ms)
		ReleaseScriptCaches (0ms)
		RebuildScriptCaches (0ms)
		SetupLoadedEditorAssemblies (713ms)
			LogAssemblyErrors (0ms)
			InitializePlatformSupportModulesInManaged (9ms)
			SetLoadedEditorAssemblies (7ms)
			RefreshPlugins (0ms)
			BeforeProcessingInitializeOnLoad (170ms)
			ProcessInitializeOnLoadAttributes (426ms)
			ProcessInitializeOnLoadMethodAttributes (88ms)
			AfterProcessingInitializeOnLoad (13ms)
			EditorAssembliesLoaded (0ms)
		ExecutionOrderSort2 (0ms)
		AwakeInstancesAfterBackupRestoration (20ms)
Refreshing native plugins compatible for Editor in 15.96 ms, found 4 plugins.
Preloading 0 native plugins for Editor in 0.00 ms.
Unloading 5642 Unused Serialized files (Serialized files now loaded: 0)
Unloading 76 unused Assets / (0.9 MB). Loaded Objects now: 6297.
Memory consumption went from 342.3 MB to 341.5 MB.
Total: 6.834700 ms (FindLiveObjects: 0.613800 ms CreateObjectMapping: 0.441600 ms MarkObjects: 5.046400 ms  DeleteObjects: 0.730800 ms)

Prepare: number of updated asset objects reloaded= 0
AssetImportParameters requested are different than current active one (requested -> active):
  custom:container-demuxer-ogg: 62fdf1f143b41e24485cea50d1cbac27 -> 
  custom:video-codec-MediaFoundation-h265: 746d11721c4dcdbdad8f713fa42b33f4 -> 
  custom:video-decoder-ogg-theora: a1e56fd34408186e4bbccfd4996cb3dc -> 
  custom:framework-win-MediaFoundation: 216162199b28c13a410421893ffa2e32 -> 
  custom:CustomObjectIndexerAttribute: 4d1d7186bcbbfe361de5f0ad951e585c -> 
  custom:container-demuxer-webm: 4f35f7cbe854078d1ac9338744f61a02 -> 
  custom:container-muxer-webm: aa71ff27fc2769a1b78a27578f13a17b -> 
  custom:video-decoder-webm-vp8: 9c59270c3fd7afecdb556c50c9e8de78 -> 
  custom:SearchIndexIgnoredProperties: e643bd26f0fe6173181afceb89e7c659 -> 
  custom:AudioImporter_EditorPlatform: d09bf68614088b80899f8185d706f6e7 -> 
  custom:video-encoder-webm-vp8: eb34c28f22e8b96e1ab97ce403110664 -> 
  custom:audio-decoder-ogg-vorbis: bf7c407c2cedff20999df2af8eb42d56 -> 
  custom:audio-encoder-webm-vorbis: bf7c407c2cedff20999df2af8eb42d56 -> 
========================================================================
Received Import Request.
  Time since last request: 30.588959 seconds.
  path: Assets/Resources/Prefab/Building/House_Blue.prefab
  artifactKey: Guid(29779cb3e18ef3c4fa5c0ec58c93f01a) Importer(815301076,1909f56bfc062723c751e8b465ee728b)
Start importing Assets/Resources/Prefab/Building/House_Blue.prefab using Guid(29779cb3e18ef3c4fa5c0ec58c93f01a) Importer(815301076,1909f56bfc062723c751e8b465ee728b)  -> (artifact id: '5037c55329792474d3b72941760e10aa') in 0.259540 seconds
Number of updated asset objects reloaded before import = 0
Number of asset objects unloaded after import = 49
========================================================================
Received Import Request.
  Time since last request: 44.245119 seconds.
  path: Assets/Resources/Prefab/Building/House_Blue.prefab
  artifactKey: Guid(29779cb3e18ef3c4fa5c0ec58c93f01a) Importer(815301076,1909f56bfc062723c751e8b465ee728b)
Start importing Assets/Resources/Prefab/Building/House_Blue.prefab using Guid(29779cb3e18ef3c4fa5c0ec58c93f01a) Importer(815301076,1909f56bfc062723c751e8b465ee728b) Sprite People matches more than one built-in atlases. Default to use the first available atlas.
Sprite CamBorder matches more than one built-in atlases. Default to use the first available atlas.
 -> (artifact id: '635775d4b2ccaf255784bcd5fdf405d8') in 0.934657 seconds
Number of updated asset objects reloaded before import = 0
Number of asset objects unloaded after import = 2469
========================================================================
Received Import Request.
  Time since last request: 96.652723 seconds.
  path: Assets/Resources/Prefab/Building/Castle_Blue.prefab
  artifactKey: Guid(f81e26d60a2cdfa4b9a7ff9121010b4c) Importer(815301076,1909f56bfc062723c751e8b465ee728b)
Start importing Assets/Resources/Prefab/Building/Castle_Blue.prefab using Guid(f81e26d60a2cdfa4b9a7ff9121010b4c) Importer(815301076,1909f56bfc062723c751e8b465ee728b)  -> (artifact id: '9dfca0c672783fe268c1eaa1b904391d') in 0.001765 seconds
Number of updated asset objects reloaded before import = 0
Number of asset objects unloaded after import = 0
========================================================================
Received Import Request.
  Time since last request: 70.702479 seconds.
  path: Assets/Resources/Prefab/Building/Castle_Blue.prefab
  artifactKey: Guid(f81e26d60a2cdfa4b9a7ff9121010b4c) Importer(815301076,1909f56bfc062723c751e8b465ee728b)
Start importing Assets/Resources/Prefab/Building/Castle_Blue.prefab using Guid(f81e26d60a2cdfa4b9a7ff9121010b4c) Importer(815301076,1909f56bfc062723c751e8b465ee728b)  -> (artifact id: '9dfca0c672783fe268c1eaa1b904391d') in 0.000932 seconds
Number of updated asset objects reloaded before import = 0
Number of asset objects unloaded after import = 0
========================================================================
Received Import Request.
  Time since last request: 2.121220 seconds.
  path: Assets/Resources/Prefab/Building/Exchange_Blue.prefab
  artifactKey: Guid(13f5eee1ebb4c774890372109865dab4) Importer(815301076,1909f56bfc062723c751e8b465ee728b)
Start importing Assets/Resources/Prefab/Building/Exchange_Blue.prefab using Guid(13f5eee1ebb4c774890372109865dab4) Importer(815301076,1909f56bfc062723c751e8b465ee728b) Sprite People matches more than one built-in atlases. Default to use the first available atlas.
Sprite CamBorder matches more than one built-in atlases. Default to use the first available atlas.
 -> (artifact id: 'd8dcb99127168edebc1f7c74b204c6e2') in 0.891971 seconds
Number of updated asset objects reloaded before import = 0
Number of asset objects unloaded after import = 2467
========================================================================
Received Import Request.
  Time since last request: 17.219946 seconds.
  path: Assets/Resources/Prefab/Building/Exchange_Red.prefab
  artifactKey: Guid(f832ddcdddeb863419af2980890c8420) Importer(815301076,1909f56bfc062723c751e8b465ee728b)
Start importing Assets/Resources/Prefab/Building/Exchange_Red.prefab using Guid(f832ddcdddeb863419af2980890c8420) Importer(815301076,1909f56bfc062723c751e8b465ee728b) Sprite People matches more than one built-in atlases. Default to use the first available atlas.
Sprite CamBorder matches more than one built-in atlases. Default to use the first available atlas.
 -> (artifact id: '653bccc946c403aa331567c381a2b5bc') in 0.447584 seconds
Number of updated asset objects reloaded before import = 0
Number of asset objects unloaded after import = 2488
========================================================================
Received Import Request.
  Time since last request: 11.854061 seconds.
  path: Assets/Resources/Prefab/Building/Castle_Blue.prefab
  artifactKey: Guid(f81e26d60a2cdfa4b9a7ff9121010b4c) Importer(815301076,1909f56bfc062723c751e8b465ee728b)
Start importing Assets/Resources/Prefab/Building/Castle_Blue.prefab using Guid(f81e26d60a2cdfa4b9a7ff9121010b4c) Importer(815301076,1909f56bfc062723c751e8b465ee728b)  -> (artifact id: '9dfca0c672783fe268c1eaa1b904391d') in 0.001554 seconds
Number of updated asset objects reloaded before import = 0
Number of asset objects unloaded after import = 0
========================================================================
Received Import Request.
  Time since last request: 1.321548 seconds.
  path: Assets/Resources/Prefab/Building/Castle_Blue.prefab
  artifactKey: Guid(f81e26d60a2cdfa4b9a7ff9121010b4c) Importer(815301076,1909f56bfc062723c751e8b465ee728b)
Start importing Assets/Resources/Prefab/Building/Castle_Blue.prefab using Guid(f81e26d60a2cdfa4b9a7ff9121010b4c) Importer(815301076,1909f56bfc062723c751e8b465ee728b)  -> (artifact id: '9dfca0c672783fe268c1eaa1b904391d') in 0.000734 seconds
Number of updated asset objects reloaded before import = 0
Number of asset objects unloaded after import = 0
========================================================================
Received Import Request.
  Time since last request: 15.380778 seconds.
  path: Assets/ScriptableObject/BuildingData/Exchange.asset
  artifactKey: Guid(678371c65676f5844b994693652d08ab) Importer(815301076,1909f56bfc062723c751e8b465ee728b)
Start importing Assets/ScriptableObject/BuildingData/Exchange.asset using Guid(678371c65676f5844b994693652d08ab) Importer(815301076,1909f56bfc062723c751e8b465ee728b)  -> (artifact id: '3251919c930a79e68c17f1aa00353628') in 0.001405 seconds
Number of updated asset objects reloaded before import = 0
Number of asset objects unloaded after import = 1
========================================================================
Received Import Request.
  Time since last request: 71.077749 seconds.
  path: Assets/ScriptableObject/BuildingData/Exchange.asset
  artifactKey: Guid(678371c65676f5844b994693652d08ab) Importer(815301076,1909f56bfc062723c751e8b465ee728b)
Start importing Assets/ScriptableObject/BuildingData/Exchange.asset using Guid(678371c65676f5844b994693652d08ab) Importer(815301076,1909f56bfc062723c751e8b465ee728b)  -> (artifact id: '457e5b031cc7c9812bb58f4a738715fb') in 0.001509 seconds
Number of updated asset objects reloaded before import = 0
Number of asset objects unloaded after import = 1
========================================================================
Received Import Request.
  Time since last request: 49.991686 seconds.
  path: Assets/ScriptableObject/Building/Exchange_Blue.asset
  artifactKey: Guid(3c296c78d4ff4174b87c2141868a8043) Importer(815301076,1909f56bfc062723c751e8b465ee728b)
Start importing Assets/ScriptableObject/Building/Exchange_Blue.asset using Guid(3c296c78d4ff4174b87c2141868a8043) Importer(815301076,1909f56bfc062723c751e8b465ee728b)  -> (artifact id: 'c7f671847417dc34e4ddfd22d58548f1') in 0.001711 seconds
Number of updated asset objects reloaded before import = 0
Number of asset objects unloaded after import = 1
========================================================================
Received Import Request.
  Time since last request: 8.000980 seconds.
  path: Assets/Resources/Prefab/Building/Castle_Blue.prefab
  artifactKey: Guid(f81e26d60a2cdfa4b9a7ff9121010b4c) Importer(815301076,1909f56bfc062723c751e8b465ee728b)
Start importing Assets/Resources/Prefab/Building/Castle_Blue.prefab using Guid(f81e26d60a2cdfa4b9a7ff9121010b4c) Importer(815301076,1909f56bfc062723c751e8b465ee728b)  -> (artifact id: '9dfca0c672783fe268c1eaa1b904391d') in 0.000971 seconds
Number of updated asset objects reloaded before import = 0
Number of asset objects unloaded after import = 0
========================================================================
Received Import Request.
  Time since last request: 40.238702 seconds.
  path: Assets/Resources/Prefab/Building/Exchange_Blue.prefab
  artifactKey: Guid(13f5eee1ebb4c774890372109865dab4) Importer(815301076,1909f56bfc062723c751e8b465ee728b)
Start importing Assets/Resources/Prefab/Building/Exchange_Blue.prefab using Guid(13f5eee1ebb4c774890372109865dab4) Importer(815301076,1909f56bfc062723c751e8b465ee728b) Sprite People matches more than one built-in atlases. Default to use the first available atlas.
Sprite CamBorder matches more than one built-in atlases. Default to use the first available atlas.
 -> (artifact id: 'ff27e8d8c35d654c7f8a46189701a7ed') in 0.681961 seconds
Number of updated asset objects reloaded before import = 0
Number of asset objects unloaded after import = 2468
========================================================================
Received Import Request.
  Time since last request: 14.386558 seconds.
  path: Assets/Resources/Prefab/Building/Castle_Blue.prefab
  artifactKey: Guid(f81e26d60a2cdfa4b9a7ff9121010b4c) Importer(815301076,1909f56bfc062723c751e8b465ee728b)
Start importing Assets/Resources/Prefab/Building/Castle_Blue.prefab using Guid(f81e26d60a2cdfa4b9a7ff9121010b4c) Importer(815301076,1909f56bfc062723c751e8b465ee728b)  -> (artifact id: '9dfca0c672783fe268c1eaa1b904391d') in 0.001510 seconds
Number of updated asset objects reloaded before import = 0
Number of asset objects unloaded after import = 0
========================================================================
Received Import Request.
  Time since last request: 9.564978 seconds.
  path: Assets/Resources/Prefab/Building/Castle_Blue.prefab
  artifactKey: Guid(f81e26d60a2cdfa4b9a7ff9121010b4c) Importer(815301076,1909f56bfc062723c751e8b465ee728b)
Start importing Assets/Resources/Prefab/Building/Castle_Blue.prefab using Guid(f81e26d60a2cdfa4b9a7ff9121010b4c) Importer(815301076,1909f56bfc062723c751e8b465ee728b) Sprite People matches more than one built-in atlases. Default to use the first available atlas.
Sprite CamBorder matches more than one built-in atlases. Default to use the first available atlas.
 -> (artifact id: '560dd3845aea65487ce6d201d7aae92a') in 0.658496 seconds
Number of updated asset objects reloaded before import = 0
Number of asset objects unloaded after import = 2509
========================================================================
Received Import Request.
  Time since last request: 0.897216 seconds.
  path: Assets/Resources/Prefab/Building/Castle_Blue.prefab
  artifactKey: Guid(f81e26d60a2cdfa4b9a7ff9121010b4c) Importer(815301076,1909f56bfc062723c751e8b465ee728b)
Start importing Assets/Resources/Prefab/Building/Castle_Blue.prefab using Guid(f81e26d60a2cdfa4b9a7ff9121010b4c) Importer(815301076,1909f56bfc062723c751e8b465ee728b) Sprite People matches more than one built-in atlases. Default to use the first available atlas.
Sprite CamBorder matches more than one built-in atlases. Default to use the first available atlas.
 -> (artifact id: '89e0e027b3da2ec0271e36cf9c94b82b') in 0.658031 seconds
Number of updated asset objects reloaded before import = 0
Number of asset objects unloaded after import = 2510
========================================================================
Received Import Request.
  Time since last request: 42.912248 seconds.
  path: Assets/ScriptableObject/Building/GoldMine_Red.asset
  artifactKey: Guid(deda6ab6139b3974a94f8de83657bb72) Importer(815301076,1909f56bfc062723c751e8b465ee728b)
Start importing Assets/ScriptableObject/Building/GoldMine_Red.asset using Guid(deda6ab6139b3974a94f8de83657bb72) Importer(815301076,1909f56bfc062723c751e8b465ee728b)  -> (artifact id: '4f285eea40e9d6ed0d6dade3e021d1f3') in 0.010665 seconds
Number of updated asset objects reloaded before import = 0
Number of asset objects unloaded after import = 7
========================================================================
Received Import Request.
  Time since last request: 4.224326 seconds.
  path: Assets/ScriptableObject/Building/Exchange_Blue.asset
  artifactKey: Guid(3c296c78d4ff4174b87c2141868a8043) Importer(815301076,1909f56bfc062723c751e8b465ee728b)
Start importing Assets/ScriptableObject/Building/Exchange_Blue.asset using Guid(3c296c78d4ff4174b87c2141868a8043) Importer(815301076,1909f56bfc062723c751e8b465ee728b)  -> (artifact id: '01ab5caf85f8e5047a7cf0cf5edfae16') in 0.014117 seconds
Number of updated asset objects reloaded before import = 0
Number of asset objects unloaded after import = 29
========================================================================
Received Prepare
Begin MonoManager ReloadAssembly
Symbol file LoadedFromMemory is not a mono symbol file
- Loaded All Assemblies, in  0.677 seconds
Refreshing native plugins compatible for Editor in 10.04 ms, found 4 plugins.
Native extension for WindowsStandalone target not found
Native extension for WebGL target not found
[Package Manager] Server::EnsureServerProcessIsRunning -- launch failed, reason: Unity was launched with the -noUpm command-line argument
[Package Manager] UpmClient::Send -- Unable to send message (not connected to UPM process).
[Package Manager] Cannot connect to Unity Package Manager local server
Mono: successfully reloaded assembly
- Finished resetting the current domain, in  2.825 seconds
Domain Reload Profiling: 3493ms
	BeginReloadAssembly (194ms)
		ExecutionOrderSort (0ms)
		DisableScriptedObjects (17ms)
		BackupInstance (0ms)
		ReleaseScriptingObjects (0ms)
		CreateAndSetChildDomain (43ms)
	RebuildCommonClasses (30ms)
	RebuildNativeTypeToScriptingClass (11ms)
	initialDomainReloadingComplete (38ms)
	LoadAllAssembliesAndSetupDomain (395ms)
		LoadAssemblies (472ms)
		RebuildTransferFunctionScriptingTraits (0ms)
		AnalyzeDomain (19ms)
			TypeCache.Refresh (6ms)
				TypeCache.ScanAssembly (0ms)
			ScanForSourceGeneratedMonoScriptInfo (0ms)
			ResolveRequiredComponents (11ms)
	FinalizeReload (2825ms)
		ReleaseScriptCaches (0ms)
		RebuildScriptCaches (0ms)
		SetupLoadedEditorAssemblies (754ms)
			LogAssemblyErrors (0ms)
			InitializePlatformSupportModulesInManaged (10ms)
			SetLoadedEditorAssemblies (9ms)
			RefreshPlugins (0ms)
			BeforeProcessingInitializeOnLoad (179ms)
			ProcessInitializeOnLoadAttributes (457ms)
			ProcessInitializeOnLoadMethodAttributes (84ms)
			AfterProcessingInitializeOnLoad (14ms)
			EditorAssembliesLoaded (0ms)
		ExecutionOrderSort2 (0ms)
		AwakeInstancesAfterBackupRestoration (22ms)
Refreshing native plugins compatible for Editor in 18.91 ms, found 4 plugins.
Preloading 0 native plugins for Editor in 0.00 ms.
Unloading 5642 Unused Serialized files (Serialized files now loaded: 0)
Unloading 75 unused Assets / (0.9 MB). Loaded Objects now: 6339.
Memory consumption went from 344.4 MB to 343.5 MB.
Total: 5.474800 ms (FindLiveObjects: 0.467400 ms CreateObjectMapping: 0.366700 ms MarkObjects: 4.209700 ms  DeleteObjects: 0.429500 ms)

Prepare: number of updated asset objects reloaded= 0
AssetImportParameters requested are different than current active one (requested -> active):
  custom:container-demuxer-ogg: 62fdf1f143b41e24485cea50d1cbac27 -> 
  custom:video-codec-MediaFoundation-h265: 746d11721c4dcdbdad8f713fa42b33f4 -> 
  custom:video-decoder-ogg-theora: a1e56fd34408186e4bbccfd4996cb3dc -> 
  custom:framework-win-MediaFoundation: 216162199b28c13a410421893ffa2e32 -> 
  custom:CustomObjectIndexerAttribute: 4d1d7186bcbbfe361de5f0ad951e585c -> 
  custom:container-demuxer-webm: 4f35f7cbe854078d1ac9338744f61a02 -> 
  custom:container-muxer-webm: aa71ff27fc2769a1b78a27578f13a17b -> 
  custom:video-decoder-webm-vp8: 9c59270c3fd7afecdb556c50c9e8de78 -> 
  custom:SearchIndexIgnoredProperties: e643bd26f0fe6173181afceb89e7c659 -> 
  custom:AudioImporter_EditorPlatform: d09bf68614088b80899f8185d706f6e7 -> 
  custom:video-encoder-webm-vp8: eb34c28f22e8b96e1ab97ce403110664 -> 
  custom:audio-decoder-ogg-vorbis: bf7c407c2cedff20999df2af8eb42d56 -> 
  custom:audio-encoder-webm-vorbis: bf7c407c2cedff20999df2af8eb42d56 -> 
========================================================================
Received Import Request.
  Time since last request: 297.274474 seconds.
  path: Assets/Resources/Prefab/Building/ArcherTower_Blue.prefab
  artifactKey: Guid(5e2f4ccc79c62264d840f39db827a57d) Importer(815301076,1909f56bfc062723c751e8b465ee728b)
Start importing Assets/Resources/Prefab/Building/ArcherTower_Blue.prefab using Guid(5e2f4ccc79c62264d840f39db827a57d) Importer(815301076,1909f56bfc062723c751e8b465ee728b)  -> (artifact id: 'eca5d456acf94b9d06e0e05dbf1b9091') in 0.301419 seconds
Number of updated asset objects reloaded before import = 0
Number of asset objects unloaded after import = 79
========================================================================
Received Import Request.
  Time since last request: 0.000028 seconds.
  path: Assets/Resources/Prefab/Building/GoldenMin_Red.prefab
  artifactKey: Guid(5d09a45531dda7b479873c1fa37015ed) Importer(815301076,1909f56bfc062723c751e8b465ee728b)
Start importing Assets/Resources/Prefab/Building/GoldenMin_Red.prefab using Guid(5d09a45531dda7b479873c1fa37015ed) Importer(815301076,1909f56bfc062723c751e8b465ee728b) Sprite People matches more than one built-in atlases. Default to use the first available atlas.
Sprite CamBorder matches more than one built-in atlases. Default to use the first available atlas.
 -> (artifact id: 'bf2815dbf444fd71e3fa562c3d0a5dcc') in 0.580962 seconds
Number of updated asset objects reloaded before import = 0
Number of asset objects unloaded after import = 2497
========================================================================
Received Import Request.
  Time since last request: 0.000046 seconds.
  path: Assets/Resources/Prefab/Building/Castle_Blue.prefab
  artifactKey: Guid(f81e26d60a2cdfa4b9a7ff9121010b4c) Importer(815301076,1909f56bfc062723c751e8b465ee728b)
Start importing Assets/Resources/Prefab/Building/Castle_Blue.prefab using Guid(f81e26d60a2cdfa4b9a7ff9121010b4c) Importer(815301076,1909f56bfc062723c751e8b465ee728b) Sprite People matches more than one built-in atlases. Default to use the first available atlas.
Sprite CamBorder matches more than one built-in atlases. Default to use the first available atlas.
 -> (artifact id: '89e5b10fa785d761597fac3e5af09cea') in 0.500802 seconds
Number of updated asset objects reloaded before import = 0
Number of asset objects unloaded after import = 2828
========================================================================
Received Import Request.
  Time since last request: 0.000037 seconds.
  path: Assets/Resources/Prefab/Building/Barrack_Red.prefab
  artifactKey: Guid(c93187374a79293408c760e47063623c) Importer(815301076,1909f56bfc062723c751e8b465ee728b)
Start importing Assets/Resources/Prefab/Building/Barrack_Red.prefab using Guid(c93187374a79293408c760e47063623c) Importer(815301076,1909f56bfc062723c751e8b465ee728b) Sprite People matches more than one built-in atlases. Default to use the first available atlas.
Sprite CamBorder matches more than one built-in atlases. Default to use the first available atlas.
 -> (artifact id: '3ec253bb402430f0b25ff5ad125ec977') in 0.549772 seconds
Number of updated asset objects reloaded before import = 0
Number of asset objects unloaded after import = 2913
========================================================================
Received Import Request.
  Time since last request: 0.000045 seconds.
  path: Assets/Resources/Prefab/Building/Archery_Red.prefab
  artifactKey: Guid(dad97ad68be32aa4198036cb125f985a) Importer(815301076,1909f56bfc062723c751e8b465ee728b)
Start importing Assets/Resources/Prefab/Building/Archery_Red.prefab using Guid(dad97ad68be32aa4198036cb125f985a) Importer(815301076,1909f56bfc062723c751e8b465ee728b) Sprite People matches more than one built-in atlases. Default to use the first available atlas.
Sprite CamBorder matches more than one built-in atlases. Default to use the first available atlas.
 -> (artifact id: '55cd3ee29cc19423578547ade7659955') in 0.443287 seconds
Number of updated asset objects reloaded before import = 0
Number of asset objects unloaded after import = 2491
========================================================================
Received Import Request.
  Time since last request: 0.000043 seconds.
  path: Assets/Resources/Prefab/Building/GoldenMin.prefab
  artifactKey: Guid(080daf8ecb26bb645993b6b501c173ab) Importer(815301076,1909f56bfc062723c751e8b465ee728b)
Start importing Assets/Resources/Prefab/Building/GoldenMin.prefab using Guid(080daf8ecb26bb645993b6b501c173ab) Importer(815301076,1909f56bfc062723c751e8b465ee728b) Sprite People matches more than one built-in atlases. Default to use the first available atlas.
Sprite CamBorder matches more than one built-in atlases. Default to use the first available atlas.
 -> (artifact id: '2cd8a0eec9c45c92d24ae797f1ce11af') in 0.496489 seconds
Number of updated asset objects reloaded before import = 0
Number of asset objects unloaded after import = 2475
Editor requested this worker to shutdown with reason: Scaling down because of idle timeout
TcpMessagingSession - receive error: operation aborted. errorcode: 995, details: ÓÉÓÚĎßłĚÍËłö»ňÓ¦ÓĂłĚĐňÇëÇóŁ¬ŇŃÖĐÖą I/O ˛Ů×÷ˇŁ
AssetImportWorker is now disconnected from the server
Process exiting
Exiting without the bug reporter. Application will terminate with return code 0